TN:
SF:/home/ilyasov_ilya/ferdosiakrymskaa-svg/workspace/projects/lab05/lab05/banking/Account.cpp
FN:10,10,_ZNK7Account10GetBalanceEv
FN:12,15,_ZN7Account13ChangeBalanceEi
FN:17,20,_ZN7Account4LockEv
FN:22,22,_ZN7Account6UnlockEv
FN:5,6,_ZN7AccountC2Eii
FN:8,8,_ZN7AccountD0Ev
FN:8,8,_ZN7AccountD2Ev
FNDA:8,_ZNK7Account10GetBalanceEv
FNDA:4,_ZN7Account13ChangeBalanceEi
FNDA:6,_ZN7Account4LockEv
FNDA:3,_ZN7Account6UnlockEv
FNDA:26,_ZN7AccountC2Eii
FNDA:8,_ZN7AccountD0Ev
FNDA:26,_ZN7AccountD2Ev
FNF:7
FNH:7
DA:5,26
DA:6,26
DA:8,34
DA:10,8
DA:12,4
DA:13,4
DA:14,3
DA:15,3
DA:17,6
DA:18,6
DA:19,5
DA:20,5
DA:22,3
LF:13
LH:13
end_of_record
TN:
SF:/home/ilyasov_ilya/ferdosiakrymskaa-svg/workspace/projects/lab05/lab05/banking/Account.h
FN:18,18,_ZNK7Account2idEv
FNDA:19,_ZNK7Account2idEv
FNF:1
FNH:1
DA:18,19
LF:1
LH:1
end_of_record
TN:
SF:/home/ilyasov_ilya/ferdosiakrymskaa-svg/workspace/projects/lab05/lab05/banking/Transaction.cpp
FN:12,12,_ZN12_GLOBAL__N_15GuardC2ER7Account
FN:14,14,_ZN12_GLOBAL__N_15GuardD2Ev
FN:21,21,_ZN11TransactionC2Ev
FN:23,23,_ZN11TransactionD0Ev
FN:23,23,_ZN11TransactionD2Ev
FN:25,44,_ZN11Transaction4MakeER7AccountS1_i
FN:46,49,_ZN11Transaction6CreditER7Accounti
FN:51,58,_ZN11Transaction5DebitER7Accounti
FN:60,65,_ZN11Transaction14SaveToDataBaseER7AccountS1_i
FNDA:6,_ZN12_GLOBAL__N_15GuardC2ER7Account
FNDA:6,_ZN12_GLOBAL__N_15GuardD2Ev
FNDA:9,_ZN11TransactionC2Ev
FNDA:0,_ZN11TransactionD0Ev
FNDA:9,_ZN11TransactionD2Ev
FNDA:7,_ZN11Transaction4MakeER7AccountS1_i
FNDA:3,_ZN11Transaction6CreditER7Accounti
FNDA:3,_ZN11Transaction5DebitER7Accounti
FNDA:1,_ZN11Transaction14SaveToDataBaseER7AccountS1_i
FNF:9
FNH:8
DA:12,6
DA:14,6
DA:21,9
DA:23,9
DA:25,7
DA:26,7
DA:28,6
DA:30,5
DA:32,4
DA:34,3
DA:35,3
DA:37,3
DA:39,3
DA:40,3
DA:42,3
DA:43,3
DA:44,3
DA:46,3
DA:48,3
DA:49,3
DA:51,3
DA:53,3
DA:54,2
DA:55,2
DA:57,1
DA:60,1
DA:61,1
DA:62,1
DA:63,1
DA:64,1
DA:65,1
LF:31
LH:31
end_of_record
TN:
SF:/home/ilyasov_ilya/ferdosiakrymskaa-svg/workspace/projects/lab05/lab05/banking/Transaction.h
FN:11,11,_ZNK11Transaction3feeEv
FN:12,12,_ZN11Transaction7set_feeEi
FNDA:2,_ZNK11Transaction3feeEv
FNDA:5,_ZN11Transaction7set_feeEi
FNF:2
FNH:2
DA:11,2
DA:12,5
LF:2
LH:2
end_of_record
TN:
SF:/home/ilyasov_ilya/ferdosiakrymskaa-svg/workspace/projects/lab05/lab05/tests/mock_classes.h
FN:10,10,_ZN11MockAccount13ChangeBalanceEi
FN:10,10,_ZN11MockAccount19gmock_ChangeBalanceERKN7testing7MatcherIiEE
FN:11,11,_ZN11MockAccount10gmock_LockEv
FN:11,11,_ZN11MockAccount4LockEv
FN:12,12,_ZN11MockAccount12gmock_UnlockEv
FN:12,12,_ZN11MockAccount6UnlockEv
FN:17,17,_ZN15MockTransaction14SaveToDataBaseER7AccountS1_i
FN:17,17,_ZN15MockTransaction20gmock_SaveToDataBaseERKN7testing7MatcherIR7AccountEES6_RKNS1_IiEE
FN:8,8,_ZN11MockAccountC2Eii
FN:9,9,_ZNK11MockAccount10GetBalanceEv
FN:9,9,_ZNK11MockAccount16gmock_GetBalanceEv
FNDA:4,_ZN11MockAccount13ChangeBalanceEi
FNDA:4,_ZN11MockAccount19gmock_ChangeBalanceERKN7testing7MatcherIiEE
FNDA:4,_ZN11MockAccount10gmock_LockEv
FNDA:4,_ZN11MockAccount4LockEv
FNDA:4,_ZN11MockAccount12gmock_UnlockEv
FNDA:4,_ZN11MockAccount6UnlockEv
FNDA:2,_ZN15MockTransaction14SaveToDataBaseER7AccountS1_i
FNDA:3,_ZN15MockTransaction20gmock_SaveToDataBaseERKN7testing7MatcherIR7AccountEES6_RKNS1_IiEE
FNDA:16,_ZN11MockAccountC2Eii
FNDA:2,_ZNK11MockAccount10GetBalanceEv
FNDA:2,_ZNK11MockAccount16gmock_GetBalanceEv
FNF:11
FNH:11
DA:8,16
DA:9,4
DA:10,8
DA:11,8
DA:12,8
DA:17,5
LF:6
LH:6
end_of_record
TN:
SF:/home/ilyasov_ilya/ferdosiakrymskaa-svg/workspace/projects/lab05/lab05/tests/test_account.cpp
FN:12,12,_ZN38AccountBalanceTest_InitialBalance_Test13AddToRegistryEv
FN:12,12,_ZN38AccountBalanceTest_InitialBalance_Test8TestBodyEv
FN:12,12,_ZN38AccountBalanceTest_InitialBalance_TestC2Ev
FN:16,16,_ZL56gtest_DifferentBalancesAccountBalanceTest_EvalGenerator_v
FN:16,16,_ZL59gtest_DifferentBalancesAccountBalanceTest_EvalGenerateName_RKN7testing13TestParamInfoIiEE
FN:26,26,_ZN20AccountBehaviourTest5SetUpEv
FN:27,27,_ZN20AccountBehaviourTest8TearDownEv
FN:30,30,_ZN36AccountBehaviourTest_LockUnlock_Test8TestBodyEv
FN:30,30,_ZN36AccountBehaviourTest_LockUnlock_TestC2Ev
FN:30,30,_ZN36AccountBehaviourTest_LockUnlock_TestD0Ev
FN:30,30,_ZN36AccountBehaviourTest_LockUnlock_TestD2Ev
FN:37,37,_ZN51AccountBehaviourTest_ChangeBalanceWhenUnlocked_Test8TestBodyEv
FN:37,37,_ZN51AccountBehaviourTest_ChangeBalanceWhenUnlocked_TestC2Ev
FN:37,37,_ZN51AccountBehaviourTest_ChangeBalanceWhenUnlocked_TestD0Ev
FN:37,37,_ZN51AccountBehaviourTest_ChangeBalanceWhenUnlocked_TestD2Ev
FN:41,45,_ZN49AccountBehaviourTest_ChangeBalanceWhenLocked_Test8TestBodyEv
FN:41,45,_ZN49AccountBehaviourTest_ChangeBalanceWhenLocked_TestC2Ev
FN:41,45,_ZN49AccountBehaviourTest_ChangeBalanceWhenLocked_TestD0Ev
FN:41,45,_ZN49AccountBehaviourTest_ChangeBalanceWhenLocked_TestD2Ev
FN:47,49,_ZN37AccountBehaviourTest_IdIsCorrect_Test8TestBodyEv
FN:47,49,_ZN37AccountBehaviourTest_IdIsCorrect_TestC2Ev
FN:47,49,_ZN37AccountBehaviourTest_IdIsCorrect_TestD0Ev
FN:47,49,_ZN37AccountBehaviourTest_IdIsCorrect_TestD2Ev
FN:8,8,_ZN18AccountBalanceTest5SetUpEv
FN:9,9,_ZN18AccountBalanceTest8TearDownEv
FNDA:1,_ZN38AccountBalanceTest_InitialBalance_Test13AddToRegistryEv
FNDA:4,_ZN38AccountBalanceTest_InitialBalance_Test8TestBodyEv
FNDA:4,_ZN38AccountBalanceTest_InitialBalance_TestC2Ev
FNDA:1,_ZL56gtest_DifferentBalancesAccountBalanceTest_EvalGenerator_v
FNDA:4,_ZL59gtest_DifferentBalancesAccountBalanceTest_EvalGenerateName_RKN7testing13TestParamInfoIiEE
FNDA:4,_ZN20AccountBehaviourTest5SetUpEv
FNDA:4,_ZN20AccountBehaviourTest8TearDownEv
FNDA:1,_ZN36AccountBehaviourTest_LockUnlock_Test8TestBodyEv
FNDA:1,_ZN36AccountBehaviourTest_LockUnlock_TestC2Ev
FNDA:1,_ZN36AccountBehaviourTest_LockUnlock_TestD0Ev
FNDA:1,_ZN36AccountBehaviourTest_LockUnlock_TestD2Ev
FNDA:1,_ZN51AccountBehaviourTest_ChangeBalanceWhenUnlocked_Test8TestBodyEv
FNDA:1,_ZN51AccountBehaviourTest_ChangeBalanceWhenUnlocked_TestC2Ev
FNDA:1,_ZN51AccountBehaviourTest_ChangeBalanceWhenUnlocked_TestD0Ev
FNDA:1,_ZN51AccountBehaviourTest_ChangeBalanceWhenUnlocked_TestD2Ev
FNDA:1,_ZN49AccountBehaviourTest_ChangeBalanceWhenLocked_Test8TestBodyEv
FNDA:1,_ZN49AccountBehaviourTest_ChangeBalanceWhenLocked_TestC2Ev
FNDA:1,_ZN49AccountBehaviourTest_ChangeBalanceWhenLocked_TestD0Ev
FNDA:1,_ZN49AccountBehaviourTest_ChangeBalanceWhenLocked_TestD2Ev
FNDA:1,_ZN37AccountBehaviourTest_IdIsCorrect_Test8TestBodyEv
FNDA:1,_ZN37AccountBehaviourTest_IdIsCorrect_TestC2Ev
FNDA:1,_ZN37AccountBehaviourTest_IdIsCorrect_TestD0Ev
FNDA:1,_ZN37AccountBehaviourTest_IdIsCorrect_TestD2Ev
FNDA:4,_ZN18AccountBalanceTest5SetUpEv
FNDA:4,_ZN18AccountBalanceTest8TearDownEv
FNF:25
FNH:25
DA:8,4
DA:9,4
DA:12,13
DA:13,4
DA:14,4
DA:16,5
DA:26,4
DA:27,4
DA:30,4
DA:31,1
DA:32,1
DA:33,1
DA:34,1
DA:35,1
DA:37,4
DA:38,1
DA:39,1
DA:41,4
DA:42,1
DA:43,1
DA:44,1
DA:45,1
DA:47,4
DA:48,1
DA:49,1
LF:25
LH:25
end_of_record
TN:
SF:/home/ilyasov_ilya/ferdosiakrymskaa-svg/workspace/projects/lab05/lab05/tests/test_transaction.cpp
FN:103,110,_ZN44RealTransaction_SaveToDataBaseExecution_Test8TestBodyEv
FN:103,110,_ZN44RealTransaction_SaveToDataBaseExecution_TestC2Ev
FN:103,110,_ZN44RealTransaction_SaveToDataBaseExecution_TestD0Ev
FN:103,110,_ZN44RealTransaction_SaveToDataBaseExecution_TestD2Ev
FN:15,19,_ZN15TransactionTest5SetUpEv
FN:20,24,_ZN15TransactionTest8TearDownEv
FN:28,28,_ZN31TransactionTest_DefaultFee_Test8TestBodyEv
FN:28,28,_ZN31TransactionTest_DefaultFee_TestC2Ev
FN:28,28,_ZN31TransactionTest_DefaultFee_TestD0Ev
FN:28,28,_ZN31TransactionTest_DefaultFee_TestD2Ev
FN:32,32,_ZN27TransactionTest_SetFee_Test8TestBodyEv
FN:32,32,_ZN27TransactionTest_SetFee_TestC2Ev
FN:32,32,_ZN27TransactionTest_SetFee_TestD0Ev
FN:32,32,_ZN27TransactionTest_SetFee_TestD2Ev
FN:38,38,_ZN32TransactionTest_SameAccount_Test8TestBodyEv
FN:38,38,_ZN32TransactionTest_SameAccount_TestC2Ev
FN:38,38,_ZN32TransactionTest_SameAccount_TestD0Ev
FN:38,38,_ZN32TransactionTest_SameAccount_TestD2Ev
FN:43,43,_ZN32TransactionTest_NegativeSum_Test8TestBodyEv
FN:43,43,_ZN32TransactionTest_NegativeSum_TestC2Ev
FN:43,43,_ZN32TransactionTest_NegativeSum_TestD0Ev
FN:43,43,_ZN32TransactionTest_NegativeSum_TestD2Ev
FN:48,50,_ZN29TransactionTest_TooSmall_Test8TestBodyEv
FN:48,50,_ZN29TransactionTest_TooSmall_TestC2Ev
FN:48,50,_ZN29TransactionTest_TooSmall_TestD0Ev
FN:48,50,_ZN29TransactionTest_TooSmall_TestD2Ev
FN:53,58,_ZN31TransactionTest_FeeExceeds_Test8TestBodyEv
FN:53,58,_ZN31TransactionTest_FeeExceeds_TestC2Ev
FN:53,58,_ZN31TransactionTest_FeeExceeds_TestD0Ev
FN:53,58,_ZN31TransactionTest_FeeExceeds_TestD2Ev
FN:61,61,_ZN31TransactionTest_Successful_Test8TestBodyEv
FN:61,61,_ZN31TransactionTest_Successful_TestC2Ev
FN:61,61,_ZN31TransactionTest_Successful_TestD0Ev
FN:61,61,_ZN31TransactionTest_Successful_TestD2Ev
FN:82,82,_ZN35TransactionTest_NotEnoughFunds_Test8TestBodyEv
FN:82,82,_ZN35TransactionTest_NotEnoughFunds_TestC2Ev
FN:82,82,_ZN35TransactionTest_NotEnoughFunds_TestD0Ev
FN:82,82,_ZN35TransactionTest_NotEnoughFunds_TestD2Ev
FNDA:1,_ZN44RealTransaction_SaveToDataBaseExecution_Test8TestBodyEv
FNDA:1,_ZN44RealTransaction_SaveToDataBaseExecution_TestC2Ev
FNDA:1,_ZN44RealTransaction_SaveToDataBaseExecution_TestD0Ev
FNDA:1,_ZN44RealTransaction_SaveToDataBaseExecution_TestD2Ev
FNDA:8,_ZN15TransactionTest5SetUpEv
FNDA:8,_ZN15TransactionTest8TearDownEv
FNDA:1,_ZN31TransactionTest_DefaultFee_Test8TestBodyEv
FNDA:1,_ZN31TransactionTest_DefaultFee_TestC2Ev
FNDA:1,_ZN31TransactionTest_DefaultFee_TestD0Ev
FNDA:1,_ZN31TransactionTest_DefaultFee_TestD2Ev
FNDA:1,_ZN27TransactionTest_SetFee_Test8TestBodyEv
FNDA:1,_ZN27TransactionTest_SetFee_TestC2Ev
FNDA:1,_ZN27TransactionTest_SetFee_TestD0Ev
FNDA:1,_ZN27TransactionTest_SetFee_TestD2Ev
FNDA:1,_ZN32TransactionTest_SameAccount_Test8TestBodyEv
FNDA:1,_ZN32TransactionTest_SameAccount_TestC2Ev
FNDA:1,_ZN32TransactionTest_SameAccount_TestD0Ev
FNDA:1,_ZN32TransactionTest_SameAccount_TestD2Ev
FNDA:1,_ZN32TransactionTest_NegativeSum_Test8TestBodyEv
FNDA:1,_ZN32TransactionTest_NegativeSum_TestC2Ev
FNDA:1,_ZN32TransactionTest_NegativeSum_TestD0Ev
FNDA:1,_ZN32TransactionTest_NegativeSum_TestD2Ev
FNDA:1,_ZN29TransactionTest_TooSmall_Test8TestBodyEv
FNDA:1,_ZN29TransactionTest_TooSmall_TestC2Ev
FNDA:1,_ZN29TransactionTest_TooSmall_TestD0Ev
FNDA:1,_ZN29TransactionTest_TooSmall_TestD2Ev
FNDA:1,_ZN31TransactionTest_FeeExceeds_Test8TestBodyEv
FNDA:1,_ZN31TransactionTest_FeeExceeds_TestC2Ev
FNDA:1,_ZN31TransactionTest_FeeExceeds_TestD0Ev
FNDA:1,_ZN31TransactionTest_FeeExceeds_TestD2Ev
FNDA:1,_ZN31TransactionTest_Successful_Test8TestBodyEv
FNDA:1,_ZN31TransactionTest_Successful_TestC2Ev
FNDA:1,_ZN31TransactionTest_Successful_TestD0Ev
FNDA:1,_ZN31TransactionTest_Successful_TestD2Ev
FNDA:1,_ZN35TransactionTest_NotEnoughFunds_Test8TestBodyEv
FNDA:1,_ZN35TransactionTest_NotEnoughFunds_TestC2Ev
FNDA:1,_ZN35TransactionTest_NotEnoughFunds_TestD0Ev
FNDA:1,_ZN35TransactionTest_NotEnoughFunds_TestD2Ev
FNF:38
FNH:38
DA:15,8
DA:16,8
DA:17,8
DA:18,8
DA:19,8
DA:20,8
DA:21,8
DA:22,8
DA:23,8
DA:24,8
DA:28,4
DA:29,1
DA:30,1
DA:32,4
DA:33,1
DA:34,1
DA:35,1
DA:38,4
DA:39,1
DA:40,1
DA:43,4
DA:44,1
DA:45,1
DA:48,4
DA:49,1
DA:50,1
DA:53,4
DA:54,1
DA:56,1
DA:57,1
DA:58,1
DA:61,4
DA:62,1
DA:63,1
DA:65,1
DA:66,1
DA:67,1
DA:69,1
DA:70,1
DA:71,1
DA:73,1
DA:75,1
DA:76,1
DA:78,1
DA:79,1
DA:82,4
DA:83,1
DA:84,1
DA:86,1
DA:87,1
DA:88,1
DA:90,1
DA:91,1
DA:92,1
DA:94,1
DA:96,1
DA:97,1
DA:99,1
DA:100,1
DA:103,4
DA:104,1
DA:105,1
DA:106,1
DA:107,1
DA:108,1
DA:109,1
DA:110,1
LF:67
LH:67
end_of_record
TN:
SF:/home/ilyasov_ilya/ferdosiakrymskaa-svg/workspace/projects/lab05/lab05/third-party/gtest/googlemock/include/gmock/gmock-actions.h
FN:1254,1256,_ZNK7testing8internal15DoDefaultActioncvNS_6ActionIT_EEIFivEEEv
FN:1254,1256,_ZNK7testing8internal15DoDefaultActioncvNS_6ActionIT_EEIFvR7AccountS7_iEEEv
FN:1254,1256,_ZNK7testing8internal15DoDefaultActioncvNS_6ActionIT_EEIFviEEEv
FN:1254,1256,_ZNK7testing8internal15DoDefaultActioncvNS_6ActionIT_EEIFvvEEEv
FN:1845,1847,_ZN7testing6ReturnIiEENS_8internal12ReturnActionIT_EES3_
FN:1906,1908,_ZN7testing9DoDefaultEv
FN:252,252,_ZN7testing8internal19BuiltInDefaultValueIiE3GetEv
FN:252,252,_ZN7testing8internal19BuiltInDefaultValueIiE6ExistsEv
FN:455,457,_ZN7testing10OnceActionIFivEEC2INS_8internal12ReturnActionIiE4ImplIiEELi0EEEOT_
FN:484,484,_ZN7testing10OnceActionIFivEEC2EOS2_
FN:488,490,_ZNO7testing10OnceActionIFivEE4CallEv
FN:509,510,_ZN7testing10OnceActionIFivEE18StdFunctionAdaptorINS_8internal12ReturnActionIiE4ImplIiEEEC2IS8_EENS9_11CallableTagEOT_
FN:531,534,_ZNK7testing10OnceActionIFivEE18StdFunctionAdaptorINS_8internal12ReturnActionIiE4ImplIiEEEclIJEEEDTclclL_ZSt7declvalIS8_EDTcl9__declvalIT_ELi0EEEvEEspcl7declvalIT_EEEEDpOSE_
FN:595,595,_ZN7testing12DefaultValueIiE5IsSetEv
FN:599,601,_ZN7testing12DefaultValueIiE6ExistsEv
FN:606,609,_ZN7testing12DefaultValueIiE3GetEv
FN:683,683,_ZN7testing12DefaultValueIvE6ExistsEv
FN:684,684,_ZN7testing12DefaultValueIvE3GetEv
FN:752,752,_ZN7testing6ActionIFivEEC2Ev
FN:752,752,_ZN7testing6ActionIFvR7AccountS2_iEEC2Ev
FN:752,752,_ZN7testing6ActionIFviEEC2Ev
FN:752,752,_ZN7testing6ActionIFvvEEC2Ev
FN:762,764,_ZN7testing6ActionIFivEEC2INS_8internal16TypedExpectationIS1_E13ActionAdaptorEvEEOT_
FN:778,778,_ZNK7testing6ActionIFivEE11IsDoDefaultEv
FN:778,778,_ZNK7testing6ActionIFvR7AccountS2_iEE11IsDoDefaultEv
FN:778,778,_ZNK7testing6ActionIFviEE11IsDoDefaultEv
FN:778,778,_ZNK7testing6ActionIFvvEE11IsDoDefaultEv
FN:786,791,_ZNK7testing6ActionIFivEE7PerformESt5tupleIJEE
FN:786,791,_ZNK7testing6ActionIFvR7AccountS2_iEE7PerformESt5tupleIJS2_S2_iEE
FN:786,791,_ZNK7testing6ActionIFviEE7PerformESt5tupleIJiEE
FN:786,791,_ZNK7testing6ActionIFvvEE7PerformESt5tupleIJEE
FN:816,818,_ZN7testing6ActionIFivEE4InitINS_8internal16TypedExpectationIS1_E13ActionAdaptorEEEvOT_St17integral_constantIbLb1EE
FN:923,923,_ZN7testing8internal12ReturnActionIiEC2Ei
FN:932,934,_ZNO7testing8internal12ReturnActionIiEcvNS_10OnceActionIFT_DpT0_EEEIiJEvEEv
FN:954,955,_ZN7testing8internal12ReturnActionIiE4ImplIiEC2EOi
FN:961,961,_ZNO7testing8internal12ReturnActionIiE4ImplIiEclEv
FN:991,999,_ZN7testing8internal12ReturnActionIiE4ImplIiE5StateC2EOi
FNDA:2,_ZNK7testing8internal15DoDefaultActioncvNS_6ActionIT_EEIFivEEEv
FNDA:3,_ZNK7testing8internal15DoDefaultActioncvNS_6ActionIT_EEIFvR7AccountS7_iEEEv
FNDA:4,_ZNK7testing8internal15DoDefaultActioncvNS_6ActionIT_EEIFviEEEv
FNDA:8,_ZNK7testing8internal15DoDefaultActioncvNS_6ActionIT_EEIFvvEEEv
FNDA:2,_ZN7testing6ReturnIiEENS_8internal12ReturnActionIT_EES3_
FNDA:17,_ZN7testing9DoDefaultEv
FNDA:0,_ZN7testing8internal19BuiltInDefaultValueIiE3GetEv
FNDA:0,_ZN7testing8internal19BuiltInDefaultValueIiE6ExistsEv
FNDA:2,_ZN7testing10OnceActionIFivEEC2INS_8internal12ReturnActionIiE4ImplIiEELi0EEEOT_
FNDA:2,_ZN7testing10OnceActionIFivEEC2EOS2_
FNDA:2,_ZNO7testing10OnceActionIFivEE4CallEv
FNDA:2,_ZN7testing10OnceActionIFivEE18StdFunctionAdaptorINS_8internal12ReturnActionIiE4ImplIiEEEC2IS8_EENS9_11CallableTagEOT_
FNDA:2,_ZNK7testing10OnceActionIFivEE18StdFunctionAdaptorINS_8internal12ReturnActionIiE4ImplIiEEEclIJEEEDTclclL_ZSt7declvalIS8_EDTcl9__declvalIT_ELi0EEEvEEspcl7declvalIT_EEEEDpOSE_
FNDA:0,_ZN7testing12DefaultValueIiE5IsSetEv
FNDA:0,_ZN7testing12DefaultValueIiE6ExistsEv
FNDA:0,_ZN7testing12DefaultValueIiE3GetEv
FNDA:14,_ZN7testing12DefaultValueIvE6ExistsEv
FNDA:14,_ZN7testing12DefaultValueIvE3GetEv
FNDA:2,_ZN7testing6ActionIFivEEC2Ev
FNDA:3,_ZN7testing6ActionIFvR7AccountS2_iEEC2Ev
FNDA:4,_ZN7testing6ActionIFviEEC2Ev
FNDA:8,_ZN7testing6ActionIFvvEEC2Ev
FNDA:2,_ZN7testing6ActionIFivEEC2INS_8internal16TypedExpectationIS1_E13ActionAdaptorEvEEOT_
FNDA:4,_ZNK7testing6ActionIFivEE11IsDoDefaultEv
FNDA:2,_ZNK7testing6ActionIFvR7AccountS2_iEE11IsDoDefaultEv
FNDA:4,_ZNK7testing6ActionIFviEE11IsDoDefaultEv
FNDA:8,_ZNK7testing6ActionIFvvEE11IsDoDefaultEv
FNDA:2,_ZNK7testing6ActionIFivEE7PerformESt5tupleIJEE
FNDA:0,_ZNK7testing6ActionIFvR7AccountS2_iEE7PerformESt5tupleIJS2_S2_iEE
FNDA:0,_ZNK7testing6ActionIFviEE7PerformESt5tupleIJiEE
FNDA:0,_ZNK7testing6ActionIFvvEE7PerformESt5tupleIJEE
FNDA:2,_ZN7testing6ActionIFivEE4InitINS_8internal16TypedExpectationIS1_E13ActionAdaptorEEEvOT_St17integral_constantIbLb1EE
FNDA:2,_ZN7testing8internal12ReturnActionIiEC2Ei
FNDA:2,_ZNO7testing8internal12ReturnActionIiEcvNS_10OnceActionIFT_DpT0_EEEIiJEvEEv
FNDA:2,_ZN7testing8internal12ReturnActionIiE4ImplIiEC2EOi
FNDA:2,_ZNO7testing8internal12ReturnActionIiE4ImplIiEclEv
FNDA:2,_ZN7testing8internal12ReturnActionIiE4ImplIiE5StateC2EOi
FNF:37
FNH:29
DA:252,0
DA:455,2
DA:456,2
DA:457,2
DA:484,2
DA:488,2
DA:489,2
DA:509,2
DA:510,2
DA:531,2
DA:533,2
DA:595,0
DA:599,0
DA:600,0
DA:606,0
DA:607,0
DA:608,0
DA:683,14
DA:684,14
DA:752,17
DA:762,2
DA:763,2
DA:764,2
DA:778,18
DA:786,2
DA:787,2
DA:788,0
DA:790,2
DA:816,2
DA:817,2
DA:818,2
DA:923,2
DA:932,2
DA:933,2
DA:954,2
DA:955,2
DA:961,2
DA:991,2
DA:992,2
DA:999,2
DA:1254,17
DA:1255,17
DA:1845,2
DA:1846,2
DA:1906,17
DA:1907,17
LF:46
LH:38
end_of_record
TN:
SF:/home/ilyasov_ilya/ferdosiakrymskaa-svg/workspace/projects/lab05/lab05/third-party/gtest/googlemock/include/gmock/gmock-cardinalities.h
FN:113,115,_ZNK7testing11Cardinality22IsSaturatedByCallCountEi
FNDA:32,_ZNK7testing11Cardinality22IsSaturatedByCallCountEi
FNF:1
FNH:1
DA:113,32
DA:114,32
LF:2
LH:2
end_of_record
TN:
SF:/home/ilyasov_ilya/ferdosiakrymskaa-svg/workspace/projects/lab05/lab05/third-party/gtest/googlemock/include/gmock/gmock-matchers.h
FN:308,308,_ZN7testing25StringMatchResultListenerC2Ev
FN:311,311,_ZNK7testing25StringMatchResultListener3strB5cxx11Ev
FN:4241,4243,_ZN7testing1AIRKSt5tupleIJEEEENS_7MatcherIT_EEv
FN:4241,4243,_ZN7testing1AIRKSt5tupleIJR7AccountS3_iEEEENS_7MatcherIT_EEv
FN:4241,4243,_ZN7testing1AIRKSt5tupleIJiEEEENS_7MatcherIT_EEv
FN:565,570,_ZN7testing8internal15PrintIfNotEmptyERKNSt7__cxx1112basic_stringIcSt11char_traitsIcESaIcEEEPSo
FN:619,623,_ZN7testing8internal11TuplePrefixILm1EE7MatchesISt5tupleIJNS_7MatcherIR7AccountEES8_NS5_IiEEEES4_IJS7_S7_iEEEEbRKT_RKT0_
FN:619,623,_ZN7testing8internal11TuplePrefixILm1EE7MatchesISt5tupleIJNS_7MatcherIiEEEES4_IJiEEEEbRKT_RKT0_
FN:619,623,_ZN7testing8internal11TuplePrefixILm2EE7MatchesISt5tupleIJNS_7MatcherIR7AccountEES8_NS5_IiEEEES4_IJS7_S7_iEEEEbRKT_RKT0_
FN:619,623,_ZN7testing8internal11TuplePrefixILm3EE7MatchesISt5tupleIJNS_7MatcherIR7AccountEES8_NS5_IiEEEES4_IJS7_S7_iEEEEbRKT_RKT0_
FN:630,656,_ZN7testing8internal11TuplePrefixILm1EE22ExplainMatchFailuresToISt5tupleIJNS_7MatcherIR7AccountEES8_NS5_IiEEEES4_IJS7_S7_iEEEEvRKT_RKT0_PSo
FN:630,656,_ZN7testing8internal11TuplePrefixILm1EE22ExplainMatchFailuresToISt5tupleIJNS_7MatcherIiEEEES4_IJiEEEEvRKT_RKT0_PSo
FN:630,656,_ZN7testing8internal11TuplePrefixILm2EE22ExplainMatchFailuresToISt5tupleIJNS_7MatcherIR7AccountEES8_NS5_IiEEEES4_IJS7_S7_iEEEEvRKT_RKT0_PSo
FN:630,656,_ZN7testing8internal11TuplePrefixILm3EE22ExplainMatchFailuresToISt5tupleIJNS_7MatcherIR7AccountEES8_NS5_IiEEEES4_IJS7_S7_iEEEEvRKT_RKT0_PSo
FN:664,667,_ZN7testing8internal11TuplePrefixILm0EE7MatchesISt5tupleIJEES5_EEbRKT_RKT0_
FN:664,667,_ZN7testing8internal11TuplePrefixILm0EE7MatchesISt5tupleIJNS_7MatcherIR7AccountEES8_NS5_IiEEEES4_IJS7_S7_iEEEEbRKT_RKT0_
FN:664,667,_ZN7testing8internal11TuplePrefixILm0EE7MatchesISt5tupleIJNS_7MatcherIiEEEES4_IJiEEEEbRKT_RKT0_
FN:670,672,_ZN7testing8internal11TuplePrefixILm0EE22ExplainMatchFailuresToISt5tupleIJEES5_EEvRKT_RKT0_PSo
FN:670,672,_ZN7testing8internal11TuplePrefixILm0EE22ExplainMatchFailuresToISt5tupleIJNS_7MatcherIR7AccountEES8_NS5_IiEEEES4_IJS7_S7_iEEEEvRKT_RKT0_PSo
FN:670,672,_ZN7testing8internal11TuplePrefixILm0EE22ExplainMatchFailuresToISt5tupleIJNS_7MatcherIiEEEES4_IJiEEEEvRKT_RKT0_PSo
FN:681,690,_ZN7testing8internal12TupleMatchesISt5tupleIJEES3_EEbRKT_RKT0_
FN:681,690,_ZN7testing8internal12TupleMatchesISt5tupleIJNS_7MatcherIR7AccountEES6_NS3_IiEEEES2_IJS5_S5_iEEEEbRKT_RKT0_
FN:681,690,_ZN7testing8internal12TupleMatchesISt5tupleIJNS_7MatcherIiEEEES2_IJiEEEEbRKT_RKT0_
FN:695,699,_ZN7testing8internal26ExplainMatchFailureTupleToISt5tupleIJEES3_EEvRKT_RKT0_PSo
FN:695,699,_ZN7testing8internal26ExplainMatchFailureTupleToISt5tupleIJNS_7MatcherIR7AccountEES6_NS3_IiEEEES2_IJS5_S5_iEEEEvRKT_RKT0_PSo
FN:695,699,_ZN7testing8internal26ExplainMatchFailureTupleToISt5tupleIJNS_7MatcherIiEEEES2_IJiEEEEvRKT_RKT0_PSo
FN:750,752,_ZNK7testing8internal15AnythingMatcher15MatchAndExplainI7AccountEEbRKT_PSo
FN:750,752,_ZNK7testing8internal15AnythingMatcher15MatchAndExplainISt5tupleIJEEEEbRKT_PSo
FN:750,752,_ZNK7testing8internal15AnythingMatcher15MatchAndExplainISt5tupleIJR7AccountS5_iEEEEbRKT_PSo
FN:750,752,_ZNK7testing8internal15AnythingMatcher15MatchAndExplainISt5tupleIJiEEEEbRKT_PSo
FN:750,752,_ZNK7testing8internal15AnythingMatcher15MatchAndExplainIiEEbRKT_PSo
FN:753,753,_ZNK7testing8internal15AnythingMatcher10DescribeToEPSo
FN:754,759,_ZNK7testing8internal15AnythingMatcher18DescribeNegationToEPSo
FNDA:0,_ZN7testing25StringMatchResultListenerC2Ev
FNDA:0,_ZNK7testing25StringMatchResultListener3strB5cxx11Ev
FNDA:10,_ZN7testing1AIRKSt5tupleIJEEEENS_7MatcherIT_EEv
FNDA:3,_ZN7testing1AIRKSt5tupleIJR7AccountS3_iEEEENS_7MatcherIT_EEv
FNDA:4,_ZN7testing1AIRKSt5tupleIJiEEEENS_7MatcherIT_EEv
FNDA:0,_ZN7testing8internal15PrintIfNotEmptyERKNSt7__cxx1112basic_stringIcSt11char_traitsIcESaIcEEEPSo
FNDA:2,_ZN7testing8internal11TuplePrefixILm1EE7MatchesISt5tupleIJNS_7MatcherIR7AccountEES8_NS5_IiEEEES4_IJS7_S7_iEEEEbRKT_RKT0_
FNDA:4,_ZN7testing8internal11TuplePrefixILm1EE7MatchesISt5tupleIJNS_7MatcherIiEEEES4_IJiEEEEbRKT_RKT0_
FNDA:2,_ZN7testing8internal11TuplePrefixILm2EE7MatchesISt5tupleIJNS_7MatcherIR7AccountEES8_NS5_IiEEEES4_IJS7_S7_iEEEEbRKT_RKT0_
FNDA:2,_ZN7testing8internal11TuplePrefixILm3EE7MatchesISt5tupleIJNS_7MatcherIR7AccountEES8_NS5_IiEEEES4_IJS7_S7_iEEEEbRKT_RKT0_
FNDA:0,_ZN7testing8internal11TuplePrefixILm1EE22ExplainMatchFailuresToISt5tupleIJNS_7MatcherIR7AccountEES8_NS5_IiEEEES4_IJS7_S7_iEEEEvRKT_RKT0_PSo
FNDA:0,_ZN7testing8internal11TuplePrefixILm1EE22ExplainMatchFailuresToISt5tupleIJNS_7MatcherIiEEEES4_IJiEEEEvRKT_RKT0_PSo
FNDA:0,_ZN7testing8internal11TuplePrefixILm2EE22ExplainMatchFailuresToISt5tupleIJNS_7MatcherIR7AccountEES8_NS5_IiEEEES4_IJS7_S7_iEEEEvRKT_RKT0_PSo
FNDA:0,_ZN7testing8internal11TuplePrefixILm3EE22ExplainMatchFailuresToISt5tupleIJNS_7MatcherIR7AccountEES8_NS5_IiEEEES4_IJS7_S7_iEEEEvRKT_RKT0_PSo
FNDA:10,_ZN7testing8internal11TuplePrefixILm0EE7MatchesISt5tupleIJEES5_EEbRKT_RKT0_
FNDA:2,_ZN7testing8internal11TuplePrefixILm0EE7MatchesISt5tupleIJNS_7MatcherIR7AccountEES8_NS5_IiEEEES4_IJS7_S7_iEEEEbRKT_RKT0_
FNDA:4,_ZN7testing8internal11TuplePrefixILm0EE7MatchesISt5tupleIJNS_7MatcherIiEEEES4_IJiEEEEbRKT_RKT0_
FNDA:0,_ZN7testing8internal11TuplePrefixILm0EE22ExplainMatchFailuresToISt5tupleIJEES5_EEvRKT_RKT0_PSo
FNDA:0,_ZN7testing8internal11TuplePrefixILm0EE22ExplainMatchFailuresToISt5tupleIJNS_7MatcherIR7AccountEES8_NS5_IiEEEES4_IJS7_S7_iEEEEvRKT_RKT0_PSo
FNDA:0,_ZN7testing8internal11TuplePrefixILm0EE22ExplainMatchFailuresToISt5tupleIJNS_7MatcherIiEEEES4_IJiEEEEvRKT_RKT0_PSo
FNDA:10,_ZN7testing8internal12TupleMatchesISt5tupleIJEES3_EEbRKT_RKT0_
FNDA:2,_ZN7testing8internal12TupleMatchesISt5tupleIJNS_7MatcherIR7AccountEES6_NS3_IiEEEES2_IJS5_S5_iEEEEbRKT_RKT0_
FNDA:4,_ZN7testing8internal12TupleMatchesISt5tupleIJNS_7MatcherIiEEEES2_IJiEEEEbRKT_RKT0_
FNDA:0,_ZN7testing8internal26ExplainMatchFailureTupleToISt5tupleIJEES3_EEvRKT_RKT0_PSo
FNDA:0,_ZN7testing8internal26ExplainMatchFailureTupleToISt5tupleIJNS_7MatcherIR7AccountEES6_NS3_IiEEEES2_IJS5_S5_iEEEEvRKT_RKT0_PSo
FNDA:0,_ZN7testing8internal26ExplainMatchFailureTupleToISt5tupleIJNS_7MatcherIiEEEES2_IJiEEEEvRKT_RKT0_PSo
FNDA:4,_ZNK7testing8internal15AnythingMatcher15MatchAndExplainI7AccountEEbRKT_PSo
FNDA:10,_ZNK7testing8internal15AnythingMatcher15MatchAndExplainISt5tupleIJEEEEbRKT_PSo
FNDA:2,_ZNK7testing8internal15AnythingMatcher15MatchAndExplainISt5tupleIJR7AccountS5_iEEEEbRKT_PSo
FNDA:4,_ZNK7testing8internal15AnythingMatcher15MatchAndExplainISt5tupleIJiEEEEbRKT_PSo
FNDA:0,_ZNK7testing8internal15AnythingMatcher15MatchAndExplainIiEEbRKT_PSo
FNDA:0,_ZNK7testing8internal15AnythingMatcher10DescribeToEPSo
FNDA:0,_ZNK7testing8internal15AnythingMatcher18DescribeNegationToEPSo
FNF:33
FNH:17
DA:308,0
DA:311,0
DA:565,0
DA:567,0
DA:568,0
DA:570,0
DA:619,10
DA:621,20
DA:622,20
DA:630,0
DA:634,0
DA:638,0
DA:639,0
DA:641,0
DA:642,0
DA:643,0
DA:644,0
DA:645,0
DA:646,0
DA:652,0
DA:653,0
DA:654,0
DA:656,0
DA:664,16
DA:666,16
DA:670,0
DA:672,0
DA:681,16
DA:688,16
DA:689,16
DA:695,0
DA:697,0
DA:699,0
DA:750,20
DA:751,20
DA:753,0
DA:754,0
DA:758,0
DA:759,0
DA:4241,17
DA:4242,17
LF:41
LH:12
end_of_record
TN:
SF:/home/ilyasov_ilya/ferdosiakrymskaa-svg/workspace/projects/lab05/lab05/third-party/gtest/googlemock/include/gmock/gmock-nice-strict.h
FN:137,139,_ZN7testing8internal14StrictMockImplI11MockAccountEC2Ev
FN:137,139,_ZN7testing8internal14StrictMockImplI15MockTransactionEC2Ev
FN:141,143,_ZN7testing8internal14StrictMockImplI11MockAccountED2Ev
FN:141,143,_ZN7testing8internal14StrictMockImplI15MockTransactionED2Ev
FN:242,245,_ZN7testing10StrictMockI15MockTransactionEC2Ev
FN:261,266,_ZN7testing10StrictMockI11MockAccountEC2IiiJEEEOT_OT0_DpOT1_
FNDA:16,_ZN7testing8internal14StrictMockImplI11MockAccountEC2Ev
FNDA:8,_ZN7testing8internal14StrictMockImplI15MockTransactionEC2Ev
FNDA:16,_ZN7testing8internal14StrictMockImplI11MockAccountED2Ev
FNDA:8,_ZN7testing8internal14StrictMockImplI15MockTransactionED2Ev
FNDA:8,_ZN7testing10StrictMockI15MockTransactionEC2Ev
FNDA:16,_ZN7testing10StrictMockI11MockAccountEC2IiiJEEEOT_OT0_DpOT1_
FNF:6
FNH:6
DA:137,24
DA:138,24
DA:139,24
DA:141,24
DA:142,24
DA:143,24
DA:242,8
DA:245,8
DA:261,16
DA:262,32
DA:263,16
DA:266,16
LF:12
LH:12
end_of_record
TN:
SF:/home/ilyasov_ilya/ferdosiakrymskaa-svg/workspace/projects/lab05/lab05/third-party/gtest/googlemock/include/gmock/gmock-spec-builders.h
FN:1003,1010,_ZN7testing8internal16TypedExpectationIFivEE8WillOnceENS_10OnceActionIS2_EE
FN:1018,1030,_ZN7testing8internal16TypedExpectationIFivEE8WillOnceIJEvEERS3_NS_6ActionIS2_EE
FN:1081,1081,_ZNK7testing8internal16TypedExpectationIFivEE15repeated_actionEv
FN:1081,1081,_ZNK7testing8internal16TypedExpectationIFvR7AccountS3_iEE15repeated_actionEv
FN:1081,1081,_ZNK7testing8internal16TypedExpectationIFviEE15repeated_actionEv
FN:1081,1081,_ZNK7testing8internal16TypedExpectationIFvvEE15repeated_actionEv
FN:1085,1091,_ZN7testing8internal16TypedExpectationIFivEE27MaybeDescribeExtraMatcherToEPSo
FN:1085,1091,_ZN7testing8internal16TypedExpectationIFvR7AccountS3_iEE27MaybeDescribeExtraMatcherToEPSo
FN:1085,1091,_ZN7testing8internal16TypedExpectationIFviEE27MaybeDescribeExtraMatcherToEPSo
FN:1085,1091,_ZN7testing8internal16TypedExpectationIFvvEE27MaybeDescribeExtraMatcherToEPSo
FN:1102,1104,_ZNK7testing8internal16TypedExpectationIFivEE13ActionAdaptorclEv
FN:1109,1109,_ZN7testing8internal16TypedExpectationIFivEE9GetHandleEv
FN:1109,1109,_ZN7testing8internal16TypedExpectationIFvR7AccountS3_iEE9GetHandleEv
FN:1109,1109,_ZN7testing8internal16TypedExpectationIFviEE9GetHandleEv
FN:1109,1109,_ZN7testing8internal16TypedExpectationIFvvEE9GetHandleEv
FN:1116,1120,_ZNK7testing8internal16TypedExpectationIFivEE7MatchesERKSt5tupleIJEE
FN:1116,1120,_ZNK7testing8internal16TypedExpectationIFvR7AccountS3_iEE7MatchesERKSt5tupleIJS3_S3_iEE
FN:1116,1120,_ZNK7testing8internal16TypedExpectationIFviEE7MatchesERKSt5tupleIJiEE
FN:1116,1120,_ZNK7testing8internal16TypedExpectationIFvvEE7MatchesERKSt5tupleIJEE
FN:1124,1134,_ZNK7testing8internal16TypedExpectationIFivEE21ShouldHandleArgumentsERKSt5tupleIJEE
FN:1124,1134,_ZNK7testing8internal16TypedExpectationIFvR7AccountS3_iEE21ShouldHandleArgumentsERKSt5tupleIJS3_S3_iEE
FN:1124,1134,_ZNK7testing8internal16TypedExpectationIFviEE21ShouldHandleArgumentsERKSt5tupleIJiEE
FN:1124,1134,_ZNK7testing8internal16TypedExpectationIFvvEE21ShouldHandleArgumentsERKSt5tupleIJEE
FN:1138,1178,_ZNK7testing8internal16TypedExpectationIFivEE20ExplainMatchResultToERKSt5tupleIJEEPSo
FN:1138,1178,_ZNK7testing8internal16TypedExpectationIFvR7AccountS3_iEE20ExplainMatchResultToERKSt5tupleIJS3_S3_iEEPSo
FN:1138,1178,_ZNK7testing8internal16TypedExpectationIFviEE20ExplainMatchResultToERKSt5tupleIJiEEPSo
FN:1138,1178,_ZNK7testing8internal16TypedExpectationIFvvEE20ExplainMatchResultToERKSt5tupleIJEEPSo
FN:1181,1209,_ZNK7testing8internal16TypedExpectationIFivEE16GetCurrentActionEPKNS0_14FunctionMockerIS2_EERKSt5tupleIJEE
FN:1181,1209,_ZNK7testing8internal16TypedExpectationIFvR7AccountS3_iEE16GetCurrentActionEPKNS0_14FunctionMockerIS4_EERKSt5tupleIJS3_S3_iEE
FN:1181,1209,_ZNK7testing8internal16TypedExpectationIFviEE16GetCurrentActionEPKNS0_14FunctionMockerIS2_EERKSt5tupleIJiEE
FN:1181,1209,_ZNK7testing8internal16TypedExpectationIFvvEE16GetCurrentActionEPKNS0_14FunctionMockerIS2_EERKSt5tupleIJEE
FN:1218,1253,_ZN7testing8internal16TypedExpectationIFivEE21GetActionForArgumentsEPKNS0_14FunctionMockerIS2_EERKSt5tupleIJEEPSoSC_
FN:1218,1253,_ZN7testing8internal16TypedExpectationIFvR7AccountS3_iEE21GetActionForArgumentsEPKNS0_14FunctionMockerIS4_EERKSt5tupleIJS3_S3_iEEPSoSE_
FN:1218,1253,_ZN7testing8internal16TypedExpectationIFviEE21GetActionForArgumentsEPKNS0_14FunctionMockerIS2_EERKSt5tupleIJiEEPSoSC_
FN:1218,1253,_ZN7testing8internal16TypedExpectationIFvvEE21GetActionForArgumentsEPKNS0_14FunctionMockerIS2_EERKSt5tupleIJEEPSoSC_
FN:1290,1292,_ZN7testing8internal8MockSpecIFivEEC2EPNS0_14FunctionMockerIS2_EERKSt5tupleIJEE
FN:1290,1292,_ZN7testing8internal8MockSpecIFvR7AccountS3_iEEC2EPNS0_14FunctionMockerIS4_EERKSt5tupleIJNS_7MatcherIS3_EESB_NSA_IiEEEE
FN:1290,1292,_ZN7testing8internal8MockSpecIFviEEC2EPNS0_14FunctionMockerIS2_EERKSt5tupleIJNS_7MatcherIiEEEE
FN:1290,1292,_ZN7testing8internal8MockSpecIFvvEEC2EPNS0_14FunctionMockerIS2_EERKSt5tupleIJEE
FN:1306,1314,_ZN7testing8internal8MockSpecIFivEE18InternalExpectedAtEPKciS5_S5_
FN:1306,1314,_ZN7testing8internal8MockSpecIFvR7AccountS3_iEE18InternalExpectedAtEPKciS7_S7_
FN:1306,1314,_ZN7testing8internal8MockSpecIFviEE18InternalExpectedAtEPKciS5_S5_
FN:1306,1314,_ZN7testing8internal8MockSpecIFvvEE18InternalExpectedAtEPKciS5_S5_
FN:1319,1321,_ZN7testing8internal8MockSpecIFivEEclERKNS0_15WithoutMatchersEPv
FN:1319,1321,_ZN7testing8internal8MockSpecIFvR7AccountS3_iEEclERKNS0_15WithoutMatchersEPv
FN:1319,1321,_ZN7testing8internal8MockSpecIFviEEclERKNS0_15WithoutMatchersEPv
FN:1319,1321,_ZN7testing8internal8MockSpecIFvvEEclERKNS0_15WithoutMatchersEPv
FN:1381,1385,_ZN7testing8internal19PrintAsActionResultIiEEvRKT_RSo
FN:1406,1408,_ZN7testing8internal25UntypedFunctionMockerBase31UninterestingCallCleanupHandlerD2Ev
FN:1419,1434,_ZN7testing8internal25UntypedFunctionMockerBase21FailureCleanupHandlerD2Ev
FN:1449,1449,_ZN7testing8internal14FunctionMockerIFivEEC2Ev
FN:1449,1449,_ZN7testing8internal14FunctionMockerIFvR7AccountS3_iEEC2Ev
FN:1449,1449,_ZN7testing8internal14FunctionMockerIFviEEC2Ev
FN:1449,1449,_ZN7testing8internal14FunctionMockerIFvvEEC2Ev
FN:1469,1474,_ZN7testing8internal14FunctionMockerIFivEED0Ev
FN:1469,1474,_ZN7testing8internal14FunctionMockerIFivEED2Ev
FN:1469,1474,_ZN7testing8internal14FunctionMockerIFvR7AccountS3_iEED0Ev
FN:1469,1474,_ZN7testing8internal14FunctionMockerIFvR7AccountS3_iEED2Ev
FN:1469,1474,_ZN7testing8internal14FunctionMockerIFviEED0Ev
FN:1469,1474,_ZN7testing8internal14FunctionMockerIFviEED2Ev
FN:1469,1474,_ZN7testing8internal14FunctionMockerIFvvEED0Ev
FN:1469,1474,_ZN7testing8internal14FunctionMockerIFvvEED2Ev
FN:1479,1488,_ZNK7testing8internal14FunctionMockerIFivEE14FindOnCallSpecERKSt5tupleIJEE
FN:1479,1488,_ZNK7testing8internal14FunctionMockerIFvR7AccountS3_iEE14FindOnCallSpecERKSt5tupleIJS3_S3_iEE
FN:1479,1488,_ZNK7testing8internal14FunctionMockerIFviEE14FindOnCallSpecERKSt5tupleIJiEE
FN:1479,1488,_ZNK7testing8internal14FunctionMockerIFvvEE14FindOnCallSpecERKSt5tupleIJEE
FN:1497,1515,_ZNK7testing8internal14FunctionMockerIFivEE20PerformDefaultActionEOSt5tupleIJEERKNSt7__cxx1112basic_stringIcSt11char_traitsIcESaIcEEE
FN:1497,1515,_ZNK7testing8internal14FunctionMockerIFvR7AccountS3_iEE20PerformDefaultActionEOSt5tupleIJS3_S3_iEERKNSt7__cxx1112basic_stringIcSt11char_traitsIcESaIcEEE
FN:1497,1515,_ZNK7testing8internal14FunctionMockerIFviEE20PerformDefaultActionEOSt5tupleIJiEERKNSt7__cxx1112basic_stringIcSt11char_traitsIcESaIcEEE
FN:1497,1515,_ZNK7testing8internal14FunctionMockerIFvvEE20PerformDefaultActionEOSt5tupleIJEERKNSt7__cxx1112basic_stringIcSt11char_traitsIcESaIcEEE
FN:1519,1542,_ZN7testing8internal14FunctionMockerIFivEE25ClearDefaultActionsLockedEv
FN:1519,1542,_ZN7testing8internal14FunctionMockerIFvR7AccountS3_iEE25ClearDefaultActionsLockedEv
FN:1519,1542,_ZN7testing8internal14FunctionMockerIFviEE25ClearDefaultActionsLockedEv
FN:1519,1542,_ZN7testing8internal14FunctionMockerIFvvEE25ClearDefaultActionsLockedEv
FN:1547,1549,_ZN7testing8internal14FunctionMockerIFivEE6InvokeEv
FN:1547,1549,_ZN7testing8internal14FunctionMockerIFvR7AccountS3_iEE6InvokeES3_S3_i
FN:1547,1549,_ZN7testing8internal14FunctionMockerIFviEE6InvokeEi
FN:1547,1549,_ZN7testing8internal14FunctionMockerIFvvEE6InvokeEv
FN:1551,1553,_ZN7testing8internal14FunctionMockerIFivEE4WithEv
FN:1551,1553,_ZN7testing8internal14FunctionMockerIFvR7AccountS3_iEE4WithENS_7MatcherIS3_EES7_NS6_IiEE
FN:1551,1553,_ZN7testing8internal14FunctionMockerIFviEE4WithENS_7MatcherIiEE
FN:1551,1553,_ZN7testing8internal14FunctionMockerIFvvEE4WithEv
FN:1570,1589,_ZN7testing8internal14FunctionMockerIFivEE17AddNewExpectationEPKciRKNSt7__cxx1112basic_stringIcSt11char_traitsIcESaIcEEERKSt5tupleIJEE
FN:1570,1589,_ZN7testing8internal14FunctionMockerIFvR7AccountS3_iEE17AddNewExpectationEPKciRKNSt7__cxx1112basic_stringIcSt11char_traitsIcESaIcEEERKSt5tupleIJNS_7MatcherIS3_EESI_NSH_IiEEEE
FN:1570,1589,_ZN7testing8internal14FunctionMockerIFviEE17AddNewExpectationEPKciRKNSt7__cxx1112basic_stringIcSt11char_traitsIcESaIcEEERKSt5tupleIJNS_7MatcherIiEEEE
FN:1570,1589,_ZN7testing8internal14FunctionMockerIFvvEE17AddNewExpectationEPKciRKNSt7__cxx1112basic_stringIcSt11char_traitsIcESaIcEEERKSt5tupleIJEE
FN:1600,1611,_ZNK7testing8internal14FunctionMockerIFivEE23DescribeDefaultActionToERKSt5tupleIJEEPSo
FN:1600,1611,_ZNK7testing8internal14FunctionMockerIFvR7AccountS3_iEE23DescribeDefaultActionToERKSt5tupleIJS3_S3_iEEPSo
FN:1600,1611,_ZNK7testing8internal14FunctionMockerIFviEE23DescribeDefaultActionToERKSt5tupleIJiEEPSo
FN:1600,1611,_ZNK7testing8internal14FunctionMockerIFvvEE23DescribeDefaultActionToERKSt5tupleIJEEPSo
FN:1616,1625,_ZNK7testing8internal14FunctionMockerIFivEE32UntypedDescribeUninterestingCallEPKvPSo
FN:1616,1625,_ZNK7testing8internal14FunctionMockerIFvR7AccountS3_iEE32UntypedDescribeUninterestingCallEPKvPSo
FN:1616,1625,_ZNK7testing8internal14FunctionMockerIFviEE32UntypedDescribeUninterestingCallEPKvPSo
FN:1616,1625,_ZNK7testing8internal14FunctionMockerIFvvEE32UntypedDescribeUninterestingCallEPKvPSo
FN:1643,1665,_ZN7testing8internal14FunctionMockerIFivEE30UntypedFindMatchingExpectationEPKvPS5_PbPSoS8_
FN:1643,1665,_ZN7testing8internal14FunctionMockerIFvR7AccountS3_iEE30UntypedFindMatchingExpectationEPKvPS7_PbPSoSA_
FN:1643,1665,_ZN7testing8internal14FunctionMockerIFviEE30UntypedFindMatchingExpectationEPKvPS5_PbPSoS8_
FN:1643,1665,_ZN7testing8internal14FunctionMockerIFvvEE30UntypedFindMatchingExpectationEPKvPS5_PbPSoS8_
FN:1668,1673,_ZNK7testing8internal14FunctionMockerIFivEE16UntypedPrintArgsEPKvPSo
FN:1668,1673,_ZNK7testing8internal14FunctionMockerIFvR7AccountS3_iEE16UntypedPrintArgsEPKvPSo
FN:1668,1673,_ZNK7testing8internal14FunctionMockerIFviEE16UntypedPrintArgsEPKvPSo
FN:1668,1673,_ZNK7testing8internal14FunctionMockerIFvvEE16UntypedPrintArgsEPKvPSo
FN:1677,1692,_ZNK7testing8internal14FunctionMockerIFivEE29FindMatchingExpectationLockedERKSt5tupleIJEE
FN:1677,1692,_ZNK7testing8internal14FunctionMockerIFvR7AccountS3_iEE29FindMatchingExpectationLockedERKSt5tupleIJS3_S3_iEE
FN:1677,1692,_ZNK7testing8internal14FunctionMockerIFviEE29FindMatchingExpectationLockedERKSt5tupleIJiEE
FN:1677,1692,_ZNK7testing8internal14FunctionMockerIFvvEE29FindMatchingExpectationLockedERKSt5tupleIJEE
FN:1695,1703,_ZNK7testing8internal14FunctionMockerIFivEE33FormatUnexpectedCallMessageLockedERKSt5tupleIJEEPSoS8_
FN:1695,1703,_ZNK7testing8internal14FunctionMockerIFvR7AccountS3_iEE33FormatUnexpectedCallMessageLockedERKSt5tupleIJS3_S3_iEEPSoSA_
FN:1695,1703,_ZNK7testing8internal14FunctionMockerIFviEE33FormatUnexpectedCallMessageLockedERKSt5tupleIJiEEPSoS8_
FN:1695,1703,_ZNK7testing8internal14FunctionMockerIFvvEE33FormatUnexpectedCallMessageLockedERKSt5tupleIJEEPSoS8_
FN:1707,1728,_ZNK7testing8internal14FunctionMockerIFivEE28PrintTriedExpectationsLockedERKSt5tupleIJEEPSo
FN:1707,1728,_ZNK7testing8internal14FunctionMockerIFvR7AccountS3_iEE28PrintTriedExpectationsLockedERKSt5tupleIJS3_S3_iEEPSo
FN:1707,1728,_ZNK7testing8internal14FunctionMockerIFviEE28PrintTriedExpectationsLockedERKSt5tupleIJiEEPSo
FN:1707,1728,_ZNK7testing8internal14FunctionMockerIFvvEE28PrintTriedExpectationsLockedERKSt5tupleIJEEPSo
FN:1733,1743,_ZNK7testing8internal14FunctionMockerIFivEE13PerformActionEPKvOSt5tupleIJEERKNSt7__cxx1112basic_stringIcSt11char_traitsIcESaIcEEE
FN:1733,1743,_ZNK7testing8internal14FunctionMockerIFvR7AccountS3_iEE13PerformActionEPKvOSt5tupleIJS3_S3_iEERKNSt7__cxx1112basic_stringIcSt11char_traitsIcESaIcEEE
FN:1733,1743,_ZNK7testing8internal14FunctionMockerIFviEE13PerformActionEPKvOSt5tupleIJiEERKNSt7__cxx1112basic_stringIcSt11char_traitsIcESaIcEEE
FN:1733,1743,_ZNK7testing8internal14FunctionMockerIFvvEE13PerformActionEPKvOSt5tupleIJEERKNSt7__cxx1112basic_stringIcSt11char_traitsIcESaIcEEE
FN:1758,1766,_ZN7testing8internal14FunctionMockerIFivEE27PerformActionAndPrintResultIiLi0EEEiPKvOSt5tupleIJEERKNSt7__cxx1112basic_stringIcSt11char_traitsIcESaIcEEERSo
FN:1773,1778,_ZN7testing8internal14FunctionMockerIFvR7AccountS3_iEE27PerformActionAndPrintResultIvLi0EEEvPKvOSt5tupleIJS3_S3_iEERKNSt7__cxx1112basic_stringIcSt11char_traitsIcESaIcEEERSo
FN:1773,1778,_ZN7testing8internal14FunctionMockerIFviEE27PerformActionAndPrintResultIvLi0EEEvPKvOSt5tupleIJiEERKNSt7__cxx1112basic_stringIcSt11char_traitsIcESaIcEEERSo
FN:1773,1778,_ZN7testing8internal14FunctionMockerIFvvEE27PerformActionAndPrintResultIvLi0EEEvPKvOSt5tupleIJEERKNSt7__cxx1112basic_stringIcSt11char_traitsIcESaIcEEERSo
FN:1789,1898,_ZN7testing8internal14FunctionMockerIFivEE10InvokeWithEOSt5tupleIJEE
FN:1789,1898,_ZN7testing8internal14FunctionMockerIFvR7AccountS3_iEE10InvokeWithEOSt5tupleIJS3_S3_iEE
FN:1789,1898,_ZN7testing8internal14FunctionMockerIFviEE10InvokeWithEOSt5tupleIJiEE
FN:1789,1898,_ZN7testing8internal14FunctionMockerIFvvEE10InvokeWithEOSt5tupleIJEE
FN:246,246,_ZNK7testing8internal21UntypedOnCallSpecBase4fileEv
FN:247,247,_ZNK7testing8internal21UntypedOnCallSpecBase4lineEv
FN:260,263,_ZNK7testing8internal21UntypedOnCallSpecBase18AssertSpecPropertyEbRKNSt7__cxx1112basic_stringIcSt11char_traitsIcESaIcEEE
FN:323,325,_ZNK7testing8internal10OnCallSpecIFivEE7MatchesERKSt5tupleIJEE
FN:323,325,_ZNK7testing8internal10OnCallSpecIFvR7AccountS3_iEE7MatchesERKSt5tupleIJS3_S3_iEE
FN:323,325,_ZNK7testing8internal10OnCallSpecIFviEE7MatchesERKSt5tupleIJiEE
FN:323,325,_ZNK7testing8internal10OnCallSpecIFvvEE7MatchesERKSt5tupleIJEE
FN:328,333,_ZNK7testing8internal10OnCallSpecIFivEE9GetActionEv
FN:328,333,_ZNK7testing8internal10OnCallSpecIFvR7AccountS3_iEE9GetActionEv
FN:328,333,_ZNK7testing8internal10OnCallSpecIFviEE9GetActionEv
FN:328,333,_ZNK7testing8internal10OnCallSpecIFvvEE9GetActionEv
FN:539,541,_ZNK7testing11Expectation16expectation_baseEv
FN:569,569,_ZN7testing14ExpectationSetC2Ev
FN:605,605,_ZNK7testing14ExpectationSet5beginEv
FN:606,606,_ZNK7testing14ExpectationSet3endEv
FN:693,693,_ZNK7testing8internal15ExpectationBase4fileEv
FN:694,694,_ZNK7testing8internal15ExpectationBase4lineEv
FN:695,695,_ZNK7testing8internal15ExpectationBase11source_textEv
FN:697,697,_ZNK7testing8internal15ExpectationBase11cardinalityEv
FN:700,702,_ZNK7testing8internal15ExpectationBase18DescribeLocationToEPSo
FN:748,751,_ZNK7testing8internal15ExpectationBase18ExpectSpecPropertyEbRKNSt7__cxx1112basic_stringIcSt11char_traitsIcESaIcEEE
FN:759,759,_ZNK7testing8internal15ExpectationBase21cardinality_specifiedEv
FN:762,764,_ZN7testing8internal15ExpectationBase15set_cardinalityERKNS_11CardinalityE
FN:774,777,_ZNK7testing8internal15ExpectationBase10is_retiredEv
FN:780,783,_ZN7testing8internal15ExpectationBase6RetireEv
FN:787,787,_ZNK7testing8internal15ExpectationBase14GetDescriptionB5cxx11Ev
FN:796,799,_ZNK7testing8internal15ExpectationBase11IsSaturatedEv
FN:817,820,_ZNK7testing8internal15ExpectationBase10call_countEv
FN:823,826,_ZN7testing8internal15ExpectationBase18IncrementCallCountEv
FN:887,897,_ZN7testing8internal16TypedExpectationIFivEEC2EPNS0_14FunctionMockerIS2_EEPKciRKNSt7__cxx1112basic_stringIcSt11char_traitsIcESaIcEEERKSt5tupleIJEE
FN:887,897,_ZN7testing8internal16TypedExpectationIFvR7AccountS3_iEEC2EPNS0_14FunctionMockerIS4_EEPKciRKNSt7__cxx1112basic_stringIcSt11char_traitsIcESaIcEEERKSt5tupleIJNS_7MatcherIS3_EESL_NSK_IiEEEE
FN:887,897,_ZN7testing8internal16TypedExpectationIFviEEC2EPNS0_14FunctionMockerIS2_EEPKciRKNSt7__cxx1112basic_stringIcSt11char_traitsIcESaIcEEERKSt5tupleIJNS_7MatcherIiEEEE
FN:887,897,_ZN7testing8internal16TypedExpectationIFvvEEC2EPNS0_14FunctionMockerIS2_EEPKciRKNSt7__cxx1112basic_stringIcSt11char_traitsIcESaIcEEERKSt5tupleIJEE
FN:899,907,_ZN7testing8internal16TypedExpectationIFivEED0Ev
FN:899,907,_ZN7testing8internal16TypedExpectationIFivEED2Ev
FN:899,907,_ZN7testing8internal16TypedExpectationIFvR7AccountS3_iEED0Ev
FN:899,907,_ZN7testing8internal16TypedExpectationIFvR7AccountS3_iEED2Ev
FN:899,907,_ZN7testing8internal16TypedExpectationIFviEED0Ev
FN:899,907,_ZN7testing8internal16TypedExpectationIFviEED2Ev
FN:899,907,_ZN7testing8internal16TypedExpectationIFvvEED0Ev
FN:899,907,_ZN7testing8internal16TypedExpectationIFvvEED2Ev
FN:935,938,_ZN7testing8internal16TypedExpectationIFvR7AccountS3_iEE5TimesERKNS_11CardinalityE
FN:941,941,_ZN7testing8internal16TypedExpectationIFvR7AccountS3_iEE5TimesEi
FNDA:2,_ZN7testing8internal16TypedExpectationIFivEE8WillOnceENS_10OnceActionIS2_EE
FNDA:2,_ZN7testing8internal16TypedExpectationIFivEE8WillOnceIJEvEERS3_NS_6ActionIS2_EE
FNDA:0,_ZNK7testing8internal16TypedExpectationIFivEE15repeated_actionEv
FNDA:2,_ZNK7testing8internal16TypedExpectationIFvR7AccountS3_iEE15repeated_actionEv
FNDA:4,_ZNK7testing8internal16TypedExpectationIFviEE15repeated_actionEv
FNDA:8,_ZNK7testing8internal16TypedExpectationIFvvEE15repeated_actionEv
FNDA:0,_ZN7testing8internal16TypedExpectationIFivEE27MaybeDescribeExtraMatcherToEPSo
FNDA:0,_ZN7testing8internal16TypedExpectationIFvR7AccountS3_iEE27MaybeDescribeExtraMatcherToEPSo
FNDA:0,_ZN7testing8internal16TypedExpectationIFviEE27MaybeDescribeExtraMatcherToEPSo
FNDA:0,_ZN7testing8internal16TypedExpectationIFvvEE27MaybeDescribeExtraMatcherToEPSo
FNDA:2,_ZNK7testing8internal16TypedExpectationIFivEE13ActionAdaptorclEv
FNDA:0,_ZN7testing8internal16TypedExpectationIFivEE9GetHandleEv
FNDA:0,_ZN7testing8internal16TypedExpectationIFvR7AccountS3_iEE9GetHandleEv
FNDA:0,_ZN7testing8internal16TypedExpectationIFviEE9GetHandleEv
FNDA:0,_ZN7testing8internal16TypedExpectationIFvvEE9GetHandleEv
FNDA:2,_ZNK7testing8internal16TypedExpectationIFivEE7MatchesERKSt5tupleIJEE
FNDA:2,_ZNK7testing8internal16TypedExpectationIFvR7AccountS3_iEE7MatchesERKSt5tupleIJS3_S3_iEE
FNDA:4,_ZNK7testing8internal16TypedExpectationIFviEE7MatchesERKSt5tupleIJiEE
FNDA:8,_ZNK7testing8internal16TypedExpectationIFvvEE7MatchesERKSt5tupleIJEE
FNDA:2,_ZNK7testing8internal16TypedExpectationIFivEE21ShouldHandleArgumentsERKSt5tupleIJEE
FNDA:2,_ZNK7testing8internal16TypedExpectationIFvR7AccountS3_iEE21ShouldHandleArgumentsERKSt5tupleIJS3_S3_iEE
FNDA:5,_ZNK7testing8internal16TypedExpectationIFviEE21ShouldHandleArgumentsERKSt5tupleIJiEE
FNDA:8,_ZNK7testing8internal16TypedExpectationIFvvEE21ShouldHandleArgumentsERKSt5tupleIJEE
FNDA:0,_ZNK7testing8internal16TypedExpectationIFivEE20ExplainMatchResultToERKSt5tupleIJEEPSo
FNDA:0,_ZNK7testing8internal16TypedExpectationIFvR7AccountS3_iEE20ExplainMatchResultToERKSt5tupleIJS3_S3_iEEPSo
FNDA:0,_ZNK7testing8internal16TypedExpectationIFviEE20ExplainMatchResultToERKSt5tupleIJiEEPSo
FNDA:0,_ZNK7testing8internal16TypedExpectationIFvvEE20ExplainMatchResultToERKSt5tupleIJEEPSo
FNDA:2,_ZNK7testing8internal16TypedExpectationIFivEE16GetCurrentActionEPKNS0_14FunctionMockerIS2_EERKSt5tupleIJEE
FNDA:2,_ZNK7testing8internal16TypedExpectationIFvR7AccountS3_iEE16GetCurrentActionEPKNS0_14FunctionMockerIS4_EERKSt5tupleIJS3_S3_iEE
FNDA:4,_ZNK7testing8internal16TypedExpectationIFviEE16GetCurrentActionEPKNS0_14FunctionMockerIS2_EERKSt5tupleIJiEE
FNDA:8,_ZNK7testing8internal16TypedExpectationIFvvEE16GetCurrentActionEPKNS0_14FunctionMockerIS2_EERKSt5tupleIJEE
FNDA:2,_ZN7testing8internal16TypedExpectationIFivEE21GetActionForArgumentsEPKNS0_14FunctionMockerIS2_EERKSt5tupleIJEEPSoSC_
FNDA:2,_ZN7testing8internal16TypedExpectationIFvR7AccountS3_iEE21GetActionForArgumentsEPKNS0_14FunctionMockerIS4_EERKSt5tupleIJS3_S3_iEEPSoSE_
FNDA:4,_ZN7testing8internal16TypedExpectationIFviEE21GetActionForArgumentsEPKNS0_14FunctionMockerIS2_EERKSt5tupleIJiEEPSoSC_
FNDA:8,_ZN7testing8internal16TypedExpectationIFvvEE21GetActionForArgumentsEPKNS0_14FunctionMockerIS2_EERKSt5tupleIJEEPSoSC_
FNDA:2,_ZN7testing8internal8MockSpecIFivEEC2EPNS0_14FunctionMockerIS2_EERKSt5tupleIJEE
FNDA:3,_ZN7testing8internal8MockSpecIFvR7AccountS3_iEEC2EPNS0_14FunctionMockerIS4_EERKSt5tupleIJNS_7MatcherIS3_EESB_NSA_IiEEEE
FNDA:4,_ZN7testing8internal8MockSpecIFviEEC2EPNS0_14FunctionMockerIS2_EERKSt5tupleIJNS_7MatcherIiEEEE
FNDA:8,_ZN7testing8internal8MockSpecIFvvEEC2EPNS0_14FunctionMockerIS2_EERKSt5tupleIJEE
FNDA:2,_ZN7testing8internal8MockSpecIFivEE18InternalExpectedAtEPKciS5_S5_
FNDA:3,_ZN7testing8internal8MockSpecIFvR7AccountS3_iEE18InternalExpectedAtEPKciS7_S7_
FNDA:4,_ZN7testing8internal8MockSpecIFviEE18InternalExpectedAtEPKciS5_S5_
FNDA:8,_ZN7testing8internal8MockSpecIFvvEE18InternalExpectedAtEPKciS5_S5_
FNDA:2,_ZN7testing8internal8MockSpecIFivEEclERKNS0_15WithoutMatchersEPv
FNDA:3,_ZN7testing8internal8MockSpecIFvR7AccountS3_iEEclERKNS0_15WithoutMatchersEPv
FNDA:4,_ZN7testing8internal8MockSpecIFviEEclERKNS0_15WithoutMatchersEPv
FNDA:8,_ZN7testing8internal8MockSpecIFvvEEclERKNS0_15WithoutMatchersEPv
FNDA:0,_ZN7testing8internal19PrintAsActionResultIiEEvRKT_RSo
FNDA:0,_ZN7testing8internal25UntypedFunctionMockerBase31UninterestingCallCleanupHandlerD2Ev
FNDA:0,_ZN7testing8internal25UntypedFunctionMockerBase21FailureCleanupHandlerD2Ev
FNDA:16,_ZN7testing8internal14FunctionMockerIFivEEC2Ev
FNDA:8,_ZN7testing8internal14FunctionMockerIFvR7AccountS3_iEEC2Ev
FNDA:16,_ZN7testing8internal14FunctionMockerIFviEEC2Ev
FNDA:32,_ZN7testing8internal14FunctionMockerIFvvEEC2Ev
FNDA:0,_ZN7testing8internal14FunctionMockerIFivEED0Ev
FNDA:16,_ZN7testing8internal14FunctionMockerIFivEED2Ev
FNDA:0,_ZN7testing8internal14FunctionMockerIFvR7AccountS3_iEED0Ev
FNDA:8,_ZN7testing8internal14FunctionMockerIFvR7AccountS3_iEED2Ev
FNDA:0,_ZN7testing8internal14FunctionMockerIFviEED0Ev
FNDA:16,_ZN7testing8internal14FunctionMockerIFviEED2Ev
FNDA:0,_ZN7testing8internal14FunctionMockerIFvvEED0Ev
FNDA:32,_ZN7testing8internal14FunctionMockerIFvvEED2Ev
FNDA:0,_ZNK7testing8internal14FunctionMockerIFivEE14FindOnCallSpecERKSt5tupleIJEE
FNDA:2,_ZNK7testing8internal14FunctionMockerIFvR7AccountS3_iEE14FindOnCallSpecERKSt5tupleIJS3_S3_iEE
FNDA:4,_ZNK7testing8internal14FunctionMockerIFviEE14FindOnCallSpecERKSt5tupleIJiEE
FNDA:8,_ZNK7testing8internal14FunctionMockerIFvvEE14FindOnCallSpecERKSt5tupleIJEE
FNDA:0,_ZNK7testing8internal14FunctionMockerIFivEE20PerformDefaultActionEOSt5tupleIJEERKNSt7__cxx1112basic_stringIcSt11char_traitsIcESaIcEEE
FNDA:2,_ZNK7testing8internal14FunctionMockerIFvR7AccountS3_iEE20PerformDefaultActionEOSt5tupleIJS3_S3_iEERKNSt7__cxx1112basic_stringIcSt11char_traitsIcESaIcEEE
FNDA:4,_ZNK7testing8internal14FunctionMockerIFviEE20PerformDefaultActionEOSt5tupleIJiEERKNSt7__cxx1112basic_stringIcSt11char_traitsIcESaIcEEE
FNDA:8,_ZNK7testing8internal14FunctionMockerIFvvEE20PerformDefaultActionEOSt5tupleIJEERKNSt7__cxx1112basic_stringIcSt11char_traitsIcESaIcEEE
FNDA:16,_ZN7testing8internal14FunctionMockerIFivEE25ClearDefaultActionsLockedEv
FNDA:8,_ZN7testing8internal14FunctionMockerIFvR7AccountS3_iEE25ClearDefaultActionsLockedEv
FNDA:16,_ZN7testing8internal14FunctionMockerIFviEE25ClearDefaultActionsLockedEv
FNDA:32,_ZN7testing8internal14FunctionMockerIFvvEE25ClearDefaultActionsLockedEv
FNDA:2,_ZN7testing8internal14FunctionMockerIFivEE6InvokeEv
FNDA:2,_ZN7testing8internal14FunctionMockerIFvR7AccountS3_iEE6InvokeES3_S3_i
FNDA:4,_ZN7testing8internal14FunctionMockerIFviEE6InvokeEi
FNDA:8,_ZN7testing8internal14FunctionMockerIFvvEE6InvokeEv
FNDA:2,_ZN7testing8internal14FunctionMockerIFivEE4WithEv
FNDA:3,_ZN7testing8internal14FunctionMockerIFvR7AccountS3_iEE4WithENS_7MatcherIS3_EES7_NS6_IiEE
FNDA:4,_ZN7testing8internal14FunctionMockerIFviEE4WithENS_7MatcherIiEE
FNDA:8,_ZN7testing8internal14FunctionMockerIFvvEE4WithEv
FNDA:2,_ZN7testing8internal14FunctionMockerIFivEE17AddNewExpectationEPKciRKNSt7__cxx1112basic_stringIcSt11char_traitsIcESaIcEEERKSt5tupleIJEE
FNDA:3,_ZN7testing8internal14FunctionMockerIFvR7AccountS3_iEE17AddNewExpectationEPKciRKNSt7__cxx1112basic_stringIcSt11char_traitsIcESaIcEEERKSt5tupleIJNS_7MatcherIS3_EESI_NSH_IiEEEE
FNDA:4,_ZN7testing8internal14FunctionMockerIFviEE17AddNewExpectationEPKciRKNSt7__cxx1112basic_stringIcSt11char_traitsIcESaIcEEERKSt5tupleIJNS_7MatcherIiEEEE
FNDA:8,_ZN7testing8internal14FunctionMockerIFvvEE17AddNewExpectationEPKciRKNSt7__cxx1112basic_stringIcSt11char_traitsIcESaIcEEERKSt5tupleIJEE
FNDA:0,_ZNK7testing8internal14FunctionMockerIFivEE23DescribeDefaultActionToERKSt5tupleIJEEPSo
FNDA:0,_ZNK7testing8internal14FunctionMockerIFvR7AccountS3_iEE23DescribeDefaultActionToERKSt5tupleIJS3_S3_iEEPSo
FNDA:0,_ZNK7testing8internal14FunctionMockerIFviEE23DescribeDefaultActionToERKSt5tupleIJiEEPSo
FNDA:0,_ZNK7testing8internal14FunctionMockerIFvvEE23DescribeDefaultActionToERKSt5tupleIJEEPSo
FNDA:0,_ZNK7testing8internal14FunctionMockerIFivEE32UntypedDescribeUninterestingCallEPKvPSo
FNDA:0,_ZNK7testing8internal14FunctionMockerIFvR7AccountS3_iEE32UntypedDescribeUninterestingCallEPKvPSo
FNDA:0,_ZNK7testing8internal14FunctionMockerIFviEE32UntypedDescribeUninterestingCallEPKvPSo
FNDA:0,_ZNK7testing8internal14FunctionMockerIFvvEE32UntypedDescribeUninterestingCallEPKvPSo
FNDA:2,_ZN7testing8internal14FunctionMockerIFivEE30UntypedFindMatchingExpectationEPKvPS5_PbPSoS8_
FNDA:2,_ZN7testing8internal14FunctionMockerIFvR7AccountS3_iEE30UntypedFindMatchingExpectationEPKvPS7_PbPSoSA_
FNDA:4,_ZN7testing8internal14FunctionMockerIFviEE30UntypedFindMatchingExpectationEPKvPS5_PbPSoS8_
FNDA:8,_ZN7testing8internal14FunctionMockerIFvvEE30UntypedFindMatchingExpectationEPKvPS5_PbPSoS8_
FNDA:0,_ZNK7testing8internal14FunctionMockerIFivEE16UntypedPrintArgsEPKvPSo
FNDA:0,_ZNK7testing8internal14FunctionMockerIFvR7AccountS3_iEE16UntypedPrintArgsEPKvPSo
FNDA:0,_ZNK7testing8internal14FunctionMockerIFviEE16UntypedPrintArgsEPKvPSo
FNDA:0,_ZNK7testing8internal14FunctionMockerIFvvEE16UntypedPrintArgsEPKvPSo
FNDA:2,_ZNK7testing8internal14FunctionMockerIFivEE29FindMatchingExpectationLockedERKSt5tupleIJEE
FNDA:2,_ZNK7testing8internal14FunctionMockerIFvR7AccountS3_iEE29FindMatchingExpectationLockedERKSt5tupleIJS3_S3_iEE
FNDA:4,_ZNK7testing8internal14FunctionMockerIFviEE29FindMatchingExpectationLockedERKSt5tupleIJiEE
FNDA:8,_ZNK7testing8internal14FunctionMockerIFvvEE29FindMatchingExpectationLockedERKSt5tupleIJEE
FNDA:0,_ZNK7testing8internal14FunctionMockerIFivEE33FormatUnexpectedCallMessageLockedERKSt5tupleIJEEPSoS8_
FNDA:0,_ZNK7testing8internal14FunctionMockerIFvR7AccountS3_iEE33FormatUnexpectedCallMessageLockedERKSt5tupleIJS3_S3_iEEPSoSA_
FNDA:0,_ZNK7testing8internal14FunctionMockerIFviEE33FormatUnexpectedCallMessageLockedERKSt5tupleIJiEEPSoS8_
FNDA:0,_ZNK7testing8internal14FunctionMockerIFvvEE33FormatUnexpectedCallMessageLockedERKSt5tupleIJEEPSoS8_
FNDA:0,_ZNK7testing8internal14FunctionMockerIFivEE28PrintTriedExpectationsLockedERKSt5tupleIJEEPSo
FNDA:0,_ZNK7testing8internal14FunctionMockerIFvR7AccountS3_iEE28PrintTriedExpectationsLockedERKSt5tupleIJS3_S3_iEEPSo
FNDA:0,_ZNK7testing8internal14FunctionMockerIFviEE28PrintTriedExpectationsLockedERKSt5tupleIJiEEPSo
FNDA:0,_ZNK7testing8internal14FunctionMockerIFvvEE28PrintTriedExpectationsLockedERKSt5tupleIJEEPSo
FNDA:2,_ZNK7testing8internal14FunctionMockerIFivEE13PerformActionEPKvOSt5tupleIJEERKNSt7__cxx1112basic_stringIcSt11char_traitsIcESaIcEEE
FNDA:2,_ZNK7testing8internal14FunctionMockerIFvR7AccountS3_iEE13PerformActionEPKvOSt5tupleIJS3_S3_iEERKNSt7__cxx1112basic_stringIcSt11char_traitsIcESaIcEEE
FNDA:4,_ZNK7testing8internal14FunctionMockerIFviEE13PerformActionEPKvOSt5tupleIJiEERKNSt7__cxx1112basic_stringIcSt11char_traitsIcESaIcEEE
FNDA:8,_ZNK7testing8internal14FunctionMockerIFvvEE13PerformActionEPKvOSt5tupleIJEERKNSt7__cxx1112basic_stringIcSt11char_traitsIcESaIcEEE
FNDA:0,_ZN7testing8internal14FunctionMockerIFivEE27PerformActionAndPrintResultIiLi0EEEiPKvOSt5tupleIJEERKNSt7__cxx1112basic_stringIcSt11char_traitsIcESaIcEEERSo
FNDA:0,_ZN7testing8internal14FunctionMockerIFvR7AccountS3_iEE27PerformActionAndPrintResultIvLi0EEEvPKvOSt5tupleIJS3_S3_iEERKNSt7__cxx1112basic_stringIcSt11char_traitsIcESaIcEEERSo
FNDA:0,_ZN7testing8internal14FunctionMockerIFviEE27PerformActionAndPrintResultIvLi0EEEvPKvOSt5tupleIJiEERKNSt7__cxx1112basic_stringIcSt11char_traitsIcESaIcEEERSo
FNDA:0,_ZN7testing8internal14FunctionMockerIFvvEE27PerformActionAndPrintResultIvLi0EEEvPKvOSt5tupleIJEERKNSt7__cxx1112basic_stringIcSt11char_traitsIcESaIcEEERSo
FNDA:2,_ZN7testing8internal14FunctionMockerIFivEE10InvokeWithEOSt5tupleIJEE
FNDA:2,_ZN7testing8internal14FunctionMockerIFvR7AccountS3_iEE10InvokeWithEOSt5tupleIJS3_S3_iEE
FNDA:4,_ZN7testing8internal14FunctionMockerIFviEE10InvokeWithEOSt5tupleIJiEE
FNDA:8,_ZN7testing8internal14FunctionMockerIFvvEE10InvokeWithEOSt5tupleIJEE
FNDA:0,_ZNK7testing8internal21UntypedOnCallSpecBase4fileEv
FNDA:0,_ZNK7testing8internal21UntypedOnCallSpecBase4lineEv
FNDA:0,_ZNK7testing8internal21UntypedOnCallSpecBase18AssertSpecPropertyEbRKNSt7__cxx1112basic_stringIcSt11char_traitsIcESaIcEEE
FNDA:0,_ZNK7testing8internal10OnCallSpecIFivEE7MatchesERKSt5tupleIJEE
FNDA:0,_ZNK7testing8internal10OnCallSpecIFvR7AccountS3_iEE7MatchesERKSt5tupleIJS3_S3_iEE
FNDA:0,_ZNK7testing8internal10OnCallSpecIFviEE7MatchesERKSt5tupleIJiEE
FNDA:0,_ZNK7testing8internal10OnCallSpecIFvvEE7MatchesERKSt5tupleIJEE
FNDA:0,_ZNK7testing8internal10OnCallSpecIFivEE9GetActionEv
FNDA:0,_ZNK7testing8internal10OnCallSpecIFvR7AccountS3_iEE9GetActionEv
FNDA:0,_ZNK7testing8internal10OnCallSpecIFviEE9GetActionEv
FNDA:0,_ZNK7testing8internal10OnCallSpecIFvvEE9GetActionEv
FNDA:113,_ZNK7testing11Expectation16expectation_baseEv
FNDA:17,_ZN7testing14ExpectationSetC2Ev
FNDA:103,_ZNK7testing14ExpectationSet5beginEv
FNDA:185,_ZNK7testing14ExpectationSet3endEv
FNDA:0,_ZNK7testing8internal15ExpectationBase4fileEv
FNDA:0,_ZNK7testing8internal15ExpectationBase4lineEv
FNDA:16,_ZNK7testing8internal15ExpectationBase11source_textEv
FNDA:125,_ZNK7testing8internal15ExpectationBase11cardinalityEv
FNDA:0,_ZNK7testing8internal15ExpectationBase18DescribeLocationToEPSo
FNDA:3,_ZNK7testing8internal15ExpectationBase18ExpectSpecPropertyEbRKNSt7__cxx1112basic_stringIcSt11char_traitsIcESaIcEEE
FNDA:2,_ZNK7testing8internal15ExpectationBase21cardinality_specifiedEv
FNDA:2,_ZN7testing8internal15ExpectationBase15set_cardinalityERKNS_11CardinalityE
FNDA:59,_ZNK7testing8internal15ExpectationBase10is_retiredEv
FNDA:14,_ZN7testing8internal15ExpectationBase6RetireEv
FNDA:16,_ZNK7testing8internal15ExpectationBase14GetDescriptionB5cxx11Ev
FNDA:32,_ZNK7testing8internal15ExpectationBase11IsSaturatedEv
FNDA:16,_ZNK7testing8internal15ExpectationBase10call_countEv
FNDA:16,_ZN7testing8internal15ExpectationBase18IncrementCallCountEv
FNDA:2,_ZN7testing8internal16TypedExpectationIFivEEC2EPNS0_14FunctionMockerIS2_EEPKciRKNSt7__cxx1112basic_stringIcSt11char_traitsIcESaIcEEERKSt5tupleIJEE
FNDA:3,_ZN7testing8internal16TypedExpectationIFvR7AccountS3_iEEC2EPNS0_14FunctionMockerIS4_EEPKciRKNSt7__cxx1112basic_stringIcSt11char_traitsIcESaIcEEERKSt5tupleIJNS_7MatcherIS3_EESL_NSK_IiEEEE
FNDA:4,_ZN7testing8internal16TypedExpectationIFviEEC2EPNS0_14FunctionMockerIS2_EEPKciRKNSt7__cxx1112basic_stringIcSt11char_traitsIcESaIcEEERKSt5tupleIJNS_7MatcherIiEEEE
FNDA:8,_ZN7testing8internal16TypedExpectationIFvvEEC2EPNS0_14FunctionMockerIS2_EEPKciRKNSt7__cxx1112basic_stringIcSt11char_traitsIcESaIcEEERKSt5tupleIJEE
FNDA:2,_ZN7testing8internal16TypedExpectationIFivEED0Ev
FNDA:2,_ZN7testing8internal16TypedExpectationIFivEED2Ev
FNDA:3,_ZN7testing8internal16TypedExpectationIFvR7AccountS3_iEED0Ev
FNDA:3,_ZN7testing8internal16TypedExpectationIFvR7AccountS3_iEED2Ev
FNDA:4,_ZN7testing8internal16TypedExpectationIFviEED0Ev
FNDA:4,_ZN7testing8internal16TypedExpectationIFviEED2Ev
FNDA:8,_ZN7testing8internal16TypedExpectationIFvvEED0Ev
FNDA:8,_ZN7testing8internal16TypedExpectationIFvvEED2Ev
FNDA:1,_ZN7testing8internal16TypedExpectationIFvR7AccountS3_iEE5TimesERKNS_11CardinalityE
FNDA:1,_ZN7testing8internal16TypedExpectationIFvR7AccountS3_iEE5TimesEi
FNF:169
FNH:109
DA:246,0
DA:247,0
DA:260,0
DA:262,0
DA:263,0
DA:323,0
DA:324,0
DA:328,0
DA:329,0
DA:332,0
DA:539,113
DA:540,113
DA:569,17
DA:605,103
DA:606,185
DA:693,0
DA:694,0
DA:695,16
DA:697,125
DA:700,0
DA:701,0
DA:702,0
DA:748,3
DA:750,3
DA:751,3
DA:759,2
DA:762,2
DA:763,2
DA:764,2
DA:774,59
DA:775,59
DA:776,59
DA:780,14
DA:781,14
DA:782,14
DA:783,14
DA:787,16
DA:796,32
DA:797,32
DA:798,32
DA:817,16
DA:818,16
DA:819,16
DA:823,16
DA:824,16
DA:825,16
DA:826,16
DA:887,17
DA:891,17
DA:892,7
DA:896,17
DA:897,24
DA:899,34
DA:902,17
DA:903,17
DA:904,19
DA:905,2
DA:907,51
DA:935,1
DA:936,1
DA:937,1
DA:941,1
DA:1003,2
DA:1007,4
DA:1008,2
DA:1009,4
DA:1010,2
DA:1018,2
DA:1019,4
DA:1022,2
DA:1024,2
DA:1026,2
DA:1027,2
DA:1029,2
DA:1081,14
DA:1085,0
DA:1086,0
DA:1087,0
DA:1088,0
DA:1089,0
DA:1091,0
DA:1102,2
DA:1103,2
DA:1109,0
DA:1116,16
DA:1118,16
DA:1119,16
DA:1124,17
DA:1126,17
DA:1132,17
DA:1133,17
DA:1138,0
DA:1140,0
DA:1142,0
DA:1144,0
DA:1145,0
DA:1146,0
DA:1147,0
DA:1149,0
DA:1150,0
DA:1151,0
DA:1152,0
DA:1153,0
DA:1155,0
DA:1156,0
DA:1158,0
DA:1161,0
DA:1162,0
DA:1163,0
DA:1164,0
DA:1165,0
DA:1166,0
DA:1167,0
DA:1168,0
DA:1170,0
DA:1171,0
DA:1176,0
DA:1178,0
DA:1181,16
DA:1184,16
DA:1185,16
DA:1186,16
DA:1190,16
DA:1191,16
DA:1195,0
DA:1196,0
DA:1198,0
DA:1200,0
DA:1201,0
DA:1202,0
DA:1203,0
DA:1206,18
DA:1207,2
DA:1208,16
DA:1218,16
DA:1223,16
DA:1224,16
DA:1225,16
DA:1227,0
DA:1228,0
DA:1229,0
DA:1230,0
DA:1232,0
DA:1233,0
DA:1234,0
DA:1236,0
DA:1239,16
DA:1240,16
DA:1242,16
DA:1243,0
DA:1247,16
DA:1248,16
DA:1249,0
DA:1251,16
DA:1252,16
DA:1290,17
DA:1292,17
DA:1306,17
DA:1309,17
DA:1311,17
DA:1312,34
DA:1313,34
DA:1314,17
DA:1319,17
DA:1320,17
DA:1381,0
DA:1382,0
DA:1384,0
DA:1385,0
DA:1406,0
DA:1407,0
DA:1408,0
DA:1419,0
DA:1420,0
DA:1422,0
DA:1424,0
DA:1425,0
DA:1427,0
DA:1428,0
DA:1432,0
DA:1434,0
DA:1449,72
DA:1469,72
DA:1470,72
DA:1471,72
DA:1472,72
DA:1473,72
DA:1474,144
DA:1479,14
DA:1480,14
DA:1482,14
DA:1483,0
DA:1484,0
DA:1487,14
DA:1497,14
DA:1499,14
DA:1500,14
DA:1501,0
DA:1503,14
DA:1508,14
DA:1509,0
DA:1514,14
DA:1515,14
DA:1519,72
DA:1521,72
DA:1530,72
DA:1531,72
DA:1533,72
DA:1534,72
DA:1535,72
DA:1536,0
DA:1541,72
DA:1542,72
DA:1547,16
DA:1548,16
DA:1551,17
DA:1552,17
DA:1570,17
DA:1574,17
DA:1575,0
DA:1576,17
DA:1577,17
DA:1580,17
DA:1583,17
DA:1584,17
DA:1585,16
DA:1588,17
DA:1589,17
DA:1600,0
DA:1602,0
DA:1604,0
DA:1605,0
DA:1609,0
DA:1611,0
DA:1616,0
DA:1619,0
DA:1621,0
DA:1622,0
DA:1623,0
DA:1624,0
DA:1625,0
DA:1643,16
DA:1647,16
DA:1649,16
DA:1650,16
DA:1651,16
DA:1652,0
DA:1653,0
DA:1659,16
DA:1660,16
DA:1661,16
DA:1662,14
DA:1663,16
DA:1664,16
DA:1665,16
DA:1668,0
DA:1670,0
DA:1672,0
DA:1673,0
DA:1677,16
DA:1679,16
DA:1682,16
DA:1684,17
DA:1686,17
DA:1687,17
DA:1688,16
DA:1691,0
DA:1695,0
DA:1699,0
DA:1700,0
DA:1701,0
DA:1702,0
DA:1703,0
DA:1707,0
DA:1710,0
DA:1711,0
DA:1712,0
DA:1715,0
DA:1716,0
DA:1718,0
DA:1719,0
DA:1720,0
DA:1721,0
DA:1722,0
DA:1724,0
DA:1725,0
DA:1726,0
DA:1728,0
DA:1733,16
DA:1735,16
DA:1736,14
DA:1741,2
DA:1742,2
DA:1743,2
DA:1758,0
DA:1762,0
DA:1764,0
DA:1765,0
DA:1773,0
DA:1777,0
DA:1789,16
DA:1793,16
DA:1802,0
DA:1807,0
DA:1810,0
DA:1814,0
DA:1820,0
DA:1822,0
DA:1823,0
DA:1827,0
DA:1828,0
DA:1841,0
DA:1845,0
DA:1846,0
DA:1848,16
DA:1849,16
DA:1850,16
DA:1851,16
DA:1852,16
DA:1858,16
DA:1860,16
DA:1866,16
DA:1867,16
DA:1868,16
DA:1870,32
DA:1873,0
DA:1874,0
DA:1878,0
DA:1879,0
DA:1892,0
DA:1896,0
DA:1897,0
DA:1898,16
LF:333
LH:179
end_of_record
TN:
SF:/home/ilyasov_ilya/ferdosiakrymskaa-svg/workspace/projects/lab05/lab05/third-party/gtest/googlemock/include/gmock/internal/gmock-internal-utils.h
FN:242,248,_ZN7testing8internal6AssertEbPKciRKNSt7__cxx1112basic_stringIcSt11char_traitsIcESaIcEEE
FN:255,261,_ZN7testing8internal6ExpectEbPKciRKNSt7__cxx1112basic_stringIcSt11char_traitsIcESaIcEEE
FN:423,427,_ZN7testing8internal9ApplyImplIRKSt8functionIFivEESt5tupleIJEEJEEEDTclcl7forwardIT_Efp_Espcl3getIXT1_EEcl7forwardIT0_Efp0_EEEEOS9_OSA_NS0_13IndexSequenceIJXspT1_EEEE
FN:423,427,_ZN7testing8internal9ApplyImplIRKSt8functionIFvR7AccountS4_iEESt5tupleIJS4_S4_iEEJLm0ELm1ELm2EEEEDTclcl7forwardIT_Efp_Espcl3getIXT1_EEcl7forwardIT0_Efp0_EEEEOSB_OSC_NS0_13IndexSequenceIJXspT1_EEEE
FN:423,427,_ZN7testing8internal9ApplyImplIRKSt8functionIFviEESt5tupleIJiEEJLm0EEEEDTclcl7forwardIT_Efp_Espcl3getIXT1_EEcl7forwardIT0_Efp0_EEEEOS9_OSA_NS0_13IndexSequenceIJXspT1_EEEE
FN:423,427,_ZN7testing8internal9ApplyImplIRKSt8functionIFvvEESt5tupleIJEEJEEEDTclcl7forwardIT_Efp_Espcl3getIXT1_EEcl7forwardIT0_Efp0_EEEEOS9_OSA_NS0_13IndexSequenceIJXspT1_EEEE
FN:431,438,_ZN7testing8internal5ApplyIRKSt8functionIFivEESt5tupleIJEEEEDTcl9ApplyImplcl7forwardIT_Efp_Ecl7forwardIT0_Efp0_EcvNS0_21MakeIndexSequenceImplIXsrSt10tuple_sizeINSt16remove_referenceISA_E4typeEE5valueEE4typeE_EEEOS9_OSA_
FN:431,438,_ZN7testing8internal5ApplyIRKSt8functionIFvR7AccountS4_iEESt5tupleIJS4_S4_iEEEEDTcl9ApplyImplcl7forwardIT_Efp_Ecl7forwardIT0_Efp0_EcvNS0_21MakeIndexSequenceImplIXsrSt10tuple_sizeINSt16remove_referenceISC_E4typeEE5valueEE4typeE_EEEOSB_OSC_
FN:431,438,_ZN7testing8internal5ApplyIRKSt8functionIFviEESt5tupleIJiEEEEDTcl9ApplyImplcl7forwardIT_Efp_Ecl7forwardIT0_Efp0_EcvNS0_21MakeIndexSequenceImplIXsrSt10tuple_sizeINSt16remove_referenceISA_E4typeEE5valueEE4typeE_EEEOS9_OSA_
FN:431,438,_ZN7testing8internal5ApplyIRKSt8functionIFvvEESt5tupleIJEEEEDTcl9ApplyImplcl7forwardIT_Efp_Ecl7forwardIT0_Efp0_EcvNS0_21MakeIndexSequenceImplIXsrSt10tuple_sizeINSt16remove_referenceISA_E4typeEE5valueEE4typeE_EEEOS9_OSA_
FNDA:33,_ZN7testing8internal6AssertEbPKciRKNSt7__cxx1112basic_stringIcSt11char_traitsIcESaIcEEE
FNDA:3,_ZN7testing8internal6ExpectEbPKciRKNSt7__cxx1112basic_stringIcSt11char_traitsIcESaIcEEE
FNDA:2,_ZN7testing8internal9ApplyImplIRKSt8functionIFivEESt5tupleIJEEJEEEDTclcl7forwardIT_Efp_Espcl3getIXT1_EEcl7forwardIT0_Efp0_EEEEOS9_OSA_NS0_13IndexSequenceIJXspT1_EEEE
FNDA:0,_ZN7testing8internal9ApplyImplIRKSt8functionIFvR7AccountS4_iEESt5tupleIJS4_S4_iEEJLm0ELm1ELm2EEEEDTclcl7forwardIT_Efp_Espcl3getIXT1_EEcl7forwardIT0_Efp0_EEEEOSB_OSC_NS0_13IndexSequenceIJXspT1_EEEE
FNDA:0,_ZN7testing8internal9ApplyImplIRKSt8functionIFviEESt5tupleIJiEEJLm0EEEEDTclcl7forwardIT_Efp_Espcl3getIXT1_EEcl7forwardIT0_Efp0_EEEEOS9_OSA_NS0_13IndexSequenceIJXspT1_EEEE
FNDA:0,_ZN7testing8internal9ApplyImplIRKSt8functionIFvvEESt5tupleIJEEJEEEDTclcl7forwardIT_Efp_Espcl3getIXT1_EEcl7forwardIT0_Efp0_EEEEOS9_OSA_NS0_13IndexSequenceIJXspT1_EEEE
FNDA:2,_ZN7testing8internal5ApplyIRKSt8functionIFivEESt5tupleIJEEEEDTcl9ApplyImplcl7forwardIT_Efp_Ecl7forwardIT0_Efp0_EcvNS0_21MakeIndexSequenceImplIXsrSt10tuple_sizeINSt16remove_referenceISA_E4typeEE5valueEE4typeE_EEEOS9_OSA_
FNDA:0,_ZN7testing8internal5ApplyIRKSt8functionIFvR7AccountS4_iEESt5tupleIJS4_S4_iEEEEDTcl9ApplyImplcl7forwardIT_Efp_Ecl7forwardIT0_Efp0_EcvNS0_21MakeIndexSequenceImplIXsrSt10tuple_sizeINSt16remove_referenceISC_E4typeEE5valueEE4typeE_EEEOSB_OSC_
FNDA:0,_ZN7testing8internal5ApplyIRKSt8functionIFviEESt5tupleIJiEEEEDTcl9ApplyImplcl7forwardIT_Efp_Ecl7forwardIT0_Efp0_EcvNS0_21MakeIndexSequenceImplIXsrSt10tuple_sizeINSt16remove_referenceISA_E4typeEE5valueEE4typeE_EEEOS9_OSA_
FNDA:0,_ZN7testing8internal5ApplyIRKSt8functionIFvvEESt5tupleIJEEEEDTcl9ApplyImplcl7forwardIT_Efp_Ecl7forwardIT0_Efp0_EcvNS0_21MakeIndexSequenceImplIXsrSt10tuple_sizeINSt16remove_referenceISA_E4typeEE5valueEE4typeE_EEEOS9_OSA_
FNF:10
FNH:4
DA:242,33
DA:244,33
DA:245,0
DA:248,33
DA:255,3
DA:257,3
DA:258,0
DA:261,3
DA:423,2
DA:426,2
DA:431,2
DA:435,2
DA:437,2
LF:13
LH:11
end_of_record
TN:
SF:/home/ilyasov_ilya/ferdosiakrymskaa-svg/workspace/projects/lab05/lab05/third-party/gtest/googletest/include/gtest/gtest-assertion-result.h
FN:155,161,_ZN7testing15AssertionResultC2IbEERKT_PNSt9enable_ifIXntsrSt14is_convertibleIS2_S0_E5valueEvE4typeE
FN:174,174,_ZNK7testing15AssertionResultcvbEv
FN:183,185,_ZNK7testing15AssertionResult7messageEv
FN:187,187,_ZNK7testing15AssertionResult15failure_messageEv
FNDA:12,_ZN7testing15AssertionResultC2IbEERKT_PNSt9enable_ifIXntsrSt14is_convertibleIS2_S0_E5valueEvE4typeE
FNDA:12,_ZNK7testing15AssertionResultcvbEv
FNDA:0,_ZNK7testing15AssertionResult7messageEv
FNDA:0,_ZNK7testing15AssertionResult15failure_messageEv
FNF:4
FNH:2
DA:155,12
DA:161,12
DA:174,12
DA:183,0
DA:184,0
DA:187,0
LF:6
LH:3
end_of_record
TN:
SF:/home/ilyasov_ilya/ferdosiakrymskaa-svg/workspace/projects/lab05/lab05/third-party/gtest/googletest/include/gtest/gtest-matchers.h
FN:110,110,_ZN7testing19MatchResultListenerD0Ev
FN:110,110,_ZN7testing19MatchResultListenerD2Ev
FN:116,116,_ZN7testing25MatcherDescriberInterfaceD0Ev
FN:116,116,_ZN7testing25MatcherDescriberInterfaceD2Ev
FN:131,135,_ZNK7testing25MatcherDescriberInterface18DescribeNegationToEPSo
FN:185,185,_ZN7testing8internal24DummyMatchResultListenerC2Ev
FN:208,208,_ZN7testing8internal17SharedPayloadBase3RefEv
FN:209,209,_ZN7testing8internal17SharedPayloadBase5UnrefEv
FN:232,235,_ZNK7testing8internal11MatcherBaseIR7AccountE15MatchAndExplainES3_PNS_19MatchResultListenerE
FN:232,235,_ZNK7testing8internal11MatcherBaseIRKSt5tupleIJEEE15MatchAndExplainES5_PNS_19MatchResultListenerE
FN:232,235,_ZNK7testing8internal11MatcherBaseIRKSt5tupleIJR7AccountS4_iEEE15MatchAndExplainES7_PNS_19MatchResultListenerE
FN:232,235,_ZNK7testing8internal11MatcherBaseIRKSt5tupleIJiEEE15MatchAndExplainES5_PNS_19MatchResultListenerE
FN:232,235,_ZNK7testing8internal11MatcherBaseIiE15MatchAndExplainERKiPNS_19MatchResultListenerE
FN:238,241,_ZNK7testing8internal11MatcherBaseIR7AccountE7MatchesES3_
FN:238,241,_ZNK7testing8internal11MatcherBaseIRKSt5tupleIJEEE7MatchesES5_
FN:238,241,_ZNK7testing8internal11MatcherBaseIRKSt5tupleIJR7AccountS4_iEEE7MatchesES7_
FN:238,241,_ZNK7testing8internal11MatcherBaseIRKSt5tupleIJiEEE7MatchesES5_
FN:238,241,_ZNK7testing8internal11MatcherBaseIiE7MatchesERKi
FN:244,247,_ZNK7testing8internal11MatcherBaseIR7AccountE10DescribeToEPSo
FN:244,247,_ZNK7testing8internal11MatcherBaseIRKSt5tupleIJEEE10DescribeToEPSo
FN:244,247,_ZNK7testing8internal11MatcherBaseIRKSt5tupleIJR7AccountS4_iEEE10DescribeToEPSo
FN:244,247,_ZNK7testing8internal11MatcherBaseIRKSt5tupleIJiEEE10DescribeToEPSo
FN:244,247,_ZNK7testing8internal11MatcherBaseIiE10DescribeToEPSo
FN:250,253,_ZNK7testing8internal11MatcherBaseIR7AccountE18DescribeNegationToEPSo
FN:250,253,_ZNK7testing8internal11MatcherBaseIRKSt5tupleIJEEE18DescribeNegationToEPSo
FN:250,253,_ZNK7testing8internal11MatcherBaseIRKSt5tupleIJR7AccountS4_iEEE18DescribeNegationToEPSo
FN:250,253,_ZNK7testing8internal11MatcherBaseIRKSt5tupleIJiEEE18DescribeNegationToEPSo
FN:250,253,_ZNK7testing8internal11MatcherBaseIiE18DescribeNegationToEPSo
FN:270,270,_ZN7testing8internal11MatcherBaseIiEC2Ev
FN:281,283,_ZN7testing8internal11MatcherBaseIR7AccountEC2IRKNS0_15AnythingMatcherEvEEOT_
FN:281,283,_ZN7testing8internal11MatcherBaseIRKSt5tupleIJEEEC2IRKNS0_15AnythingMatcherEvEEOT_
FN:281,283,_ZN7testing8internal11MatcherBaseIRKSt5tupleIJR7AccountS4_iEEEC2IRKNS0_15AnythingMatcherEvEEOT_
FN:281,283,_ZN7testing8internal11MatcherBaseIRKSt5tupleIJiEEEC2IRKNS0_15AnythingMatcherEvEEOT_
FN:281,283,_ZN7testing8internal11MatcherBaseIiEC2INS0_9EqMatcherIiEEvEEOT_
FN:281,283,_ZN7testing8internal11MatcherBaseIiEC2IRKNS0_15AnythingMatcherEvEEOT_
FN:285,288,_ZN7testing8internal11MatcherBaseIR7AccountEC2ERKS4_
FN:285,288,_ZN7testing8internal11MatcherBaseIiEC2ERKS2_
FN:299,302,_ZN7testing8internal11MatcherBaseIR7AccountEC2EOS4_
FN:299,302,_ZN7testing8internal11MatcherBaseIiEC2EOS2_
FN:304,311,_ZN7testing8internal11MatcherBaseIiEaSEOS2_
FN:313,313,_ZN7testing8internal11MatcherBaseIR7AccountED0Ev
FN:313,313,_ZN7testing8internal11MatcherBaseIR7AccountED2Ev
FN:313,313,_ZN7testing8internal11MatcherBaseIRKSt5tupleIJEEED0Ev
FN:313,313,_ZN7testing8internal11MatcherBaseIRKSt5tupleIJEEED2Ev
FN:313,313,_ZN7testing8internal11MatcherBaseIRKSt5tupleIJR7AccountS4_iEEED0Ev
FN:313,313,_ZN7testing8internal11MatcherBaseIRKSt5tupleIJR7AccountS4_iEEED2Ev
FN:313,313,_ZN7testing8internal11MatcherBaseIRKSt5tupleIJiEEED0Ev
FN:313,313,_ZN7testing8internal11MatcherBaseIRKSt5tupleIJiEEED2Ev
FN:313,313,_ZN7testing8internal11MatcherBaseIiED0Ev
FN:313,313,_ZN7testing8internal11MatcherBaseIiED2Ev
FN:327,329,_ZNK7testing8internal11MatcherBaseIR7AccountE8IsSharedEv
FN:327,329,_ZNK7testing8internal11MatcherBaseIRKSt5tupleIJEEE8IsSharedEv
FN:327,329,_ZNK7testing8internal11MatcherBaseIRKSt5tupleIJR7AccountS4_iEEE8IsSharedEv
FN:327,329,_ZNK7testing8internal11MatcherBaseIRKSt5tupleIJiEEE8IsSharedEv
FN:327,329,_ZNK7testing8internal11MatcherBaseIiE8IsSharedEv
FN:333,337,_ZN7testing8internal11MatcherBaseIR7AccountE19MatchAndExplainImplINS4_11ValuePolicyINS0_15AnythingMatcherELb1EEEEEDTcldtclsrT_3Getfp_E15MatchAndExplainfp0_clptfp1_L_ZNS_19MatchResultListener6streamEvEEEERKS4_S3_PSA_
FN:333,337,_ZN7testing8internal11MatcherBaseIRKSt5tupleIJEEE19MatchAndExplainImplINS6_11ValuePolicyINS0_15AnythingMatcherELb1EEEEEDTcldtclsrT_3Getfp_E15MatchAndExplainfp0_clptfp1_L_ZNS_19MatchResultListener6streamEvEEEERKS6_S5_PSC_
FN:333,337,_ZN7testing8internal11MatcherBaseIRKSt5tupleIJR7AccountS4_iEEE19MatchAndExplainImplINS8_11ValuePolicyINS0_15AnythingMatcherELb1EEEEEDTcldtclsrT_3Getfp_E15MatchAndExplainfp0_clptfp1_L_ZNS_19MatchResultListener6streamEvEEEERKS8_S7_PSE_
FN:333,337,_ZN7testing8internal11MatcherBaseIRKSt5tupleIJiEEE19MatchAndExplainImplINS6_11ValuePolicyINS0_15AnythingMatcherELb1EEEEEDTcldtclsrT_3Getfp_E15MatchAndExplainfp0_clptfp1_L_ZNS_19MatchResultListener6streamEvEEEERKS6_S5_PSC_
FN:333,337,_ZN7testing8internal11MatcherBaseIiE19MatchAndExplainImplINS2_11ValuePolicyINS0_15AnythingMatcherELb1EEEEEDTcldtclsrT_3Getfp_E15MatchAndExplainfp0_clptfp1_L_ZNS_19MatchResultListener6streamEvEEEERKS2_RKiPS8_
FN:333,337,_ZN7testing8internal11MatcherBaseIiE19MatchAndExplainImplINS2_11ValuePolicyINS0_9EqMatcherIiEELb1EEEEEDTcldtclsrT_3Getfp_E15MatchAndExplainfp0_clptfp1_L_ZNS_19MatchResultListener6streamEvEEEERKS2_RKiPS9_
FN:347,354,_ZN7testing8internal11MatcherBaseIR7AccountE12DescribeImplINS4_11ValuePolicyINS0_15AnythingMatcherELb1EEEEEvRKS4_PSob
FN:347,354,_ZN7testing8internal11MatcherBaseIRKSt5tupleIJEEE12DescribeImplINS6_11ValuePolicyINS0_15AnythingMatcherELb1EEEEEvRKS6_PSob
FN:347,354,_ZN7testing8internal11MatcherBaseIRKSt5tupleIJR7AccountS4_iEEE12DescribeImplINS8_11ValuePolicyINS0_15AnythingMatcherELb1EEEEEvRKS8_PSob
FN:347,354,_ZN7testing8internal11MatcherBaseIRKSt5tupleIJiEEE12DescribeImplINS6_11ValuePolicyINS0_15AnythingMatcherELb1EEEEEvRKS6_PSob
FN:347,354,_ZN7testing8internal11MatcherBaseIiE12DescribeImplINS2_11ValuePolicyINS0_15AnythingMatcherELb1EEEEEvRKS2_PSob
FN:347,354,_ZN7testing8internal11MatcherBaseIiE12DescribeImplINS2_11ValuePolicyINS0_9EqMatcherIiEELb1EEEEEvRKS2_PSob
FN:357,370,_ZN7testing8internal11MatcherBaseIR7AccountE16GetDescriberImplINS4_11ValuePolicyINS0_15AnythingMatcherELb1EEEEEPKNS_25MatcherDescriberInterfaceERKS4_
FN:357,370,_ZN7testing8internal11MatcherBaseIRKSt5tupleIJEEE16GetDescriberImplINS6_11ValuePolicyINS0_15AnythingMatcherELb1EEEEEPKNS_25MatcherDescriberInterfaceERKS6_
FN:357,370,_ZN7testing8internal11MatcherBaseIRKSt5tupleIJR7AccountS4_iEEE16GetDescriberImplINS8_11ValuePolicyINS0_15AnythingMatcherELb1EEEEEPKNS_25MatcherDescriberInterfaceERKS8_
FN:357,370,_ZN7testing8internal11MatcherBaseIRKSt5tupleIJiEEE16GetDescriberImplINS6_11ValuePolicyINS0_15AnythingMatcherELb1EEEEEPKNS_25MatcherDescriberInterfaceERKS6_
FN:357,370,_ZN7testing8internal11MatcherBaseIiE16GetDescriberImplINS2_11ValuePolicyINS0_15AnythingMatcherELb1EEEEEPKNS_25MatcherDescriberInterfaceERKS2_
FN:357,370,_ZN7testing8internal11MatcherBaseIiE16GetDescriberImplINS2_11ValuePolicyINS0_9EqMatcherIiEELb1EEEEEPKNS_25MatcherDescriberInterfaceERKS2_
FN:373,378,_ZN7testing8internal11MatcherBaseIR7AccountE9GetVTableINS4_11ValuePolicyINS0_15AnythingMatcherELb1EEEEEPKNS4_6VTableEv
FN:373,378,_ZN7testing8internal11MatcherBaseIRKSt5tupleIJEEE9GetVTableINS6_11ValuePolicyINS0_15AnythingMatcherELb1EEEEEPKNS6_6VTableEv
FN:373,378,_ZN7testing8internal11MatcherBaseIRKSt5tupleIJR7AccountS4_iEEE9GetVTableINS8_11ValuePolicyINS0_15AnythingMatcherELb1EEEEEPKNS8_6VTableEv
FN:373,378,_ZN7testing8internal11MatcherBaseIRKSt5tupleIJiEEE9GetVTableINS6_11ValuePolicyINS0_15AnythingMatcherELb1EEEEEPKNS6_6VTableEv
FN:373,378,_ZN7testing8internal11MatcherBaseIiE9GetVTableINS2_11ValuePolicyINS0_15AnythingMatcherELb1EEEEEPKNS2_6VTableEv
FN:373,378,_ZN7testing8internal11MatcherBaseIiE9GetVTableINS2_11ValuePolicyINS0_9EqMatcherIiEELb1EEEEEPKNS2_6VTableEv
FN:389,393,_ZN7testing8internal11MatcherBaseIR7AccountE7DestroyEv
FN:389,393,_ZN7testing8internal11MatcherBaseIRKSt5tupleIJEEE7DestroyEv
FN:389,393,_ZN7testing8internal11MatcherBaseIRKSt5tupleIJR7AccountS4_iEEE7DestroyEv
FN:389,393,_ZN7testing8internal11MatcherBaseIRKSt5tupleIJiEEE7DestroyEv
FN:389,393,_ZN7testing8internal11MatcherBaseIiE7DestroyEv
FN:404,410,_ZN7testing8internal11MatcherBaseIR7AccountE11ValuePolicyINS0_15AnythingMatcherELb1EE3GetERKS4_
FN:404,410,_ZN7testing8internal11MatcherBaseIRKSt5tupleIJEEE11ValuePolicyINS0_15AnythingMatcherELb1EE3GetERKS6_
FN:404,410,_ZN7testing8internal11MatcherBaseIRKSt5tupleIJR7AccountS4_iEEE11ValuePolicyINS0_15AnythingMatcherELb1EE3GetERKS8_
FN:404,410,_ZN7testing8internal11MatcherBaseIRKSt5tupleIJiEEE11ValuePolicyINS0_15AnythingMatcherELb1EE3GetERKS6_
FN:404,410,_ZN7testing8internal11MatcherBaseIiE11ValuePolicyINS0_15AnythingMatcherELb1EE3GetERKS2_
FN:404,410,_ZN7testing8internal11MatcherBaseIiE11ValuePolicyINS0_9EqMatcherIiEELb1EE3GetERKS2_
FN:411,413,_ZN7testing8internal11MatcherBaseIR7AccountE11ValuePolicyINS0_15AnythingMatcherELb1EE4InitERS4_S6_
FN:411,413,_ZN7testing8internal11MatcherBaseIRKSt5tupleIJEEE11ValuePolicyINS0_15AnythingMatcherELb1EE4InitERS6_S8_
FN:411,413,_ZN7testing8internal11MatcherBaseIRKSt5tupleIJR7AccountS4_iEEE11ValuePolicyINS0_15AnythingMatcherELb1EE4InitERS8_SA_
FN:411,413,_ZN7testing8internal11MatcherBaseIRKSt5tupleIJiEEE11ValuePolicyINS0_15AnythingMatcherELb1EE4InitERS6_S8_
FN:411,413,_ZN7testing8internal11MatcherBaseIiE11ValuePolicyINS0_15AnythingMatcherELb1EE4InitERS2_S4_
FN:411,413,_ZN7testing8internal11MatcherBaseIiE11ValuePolicyINS0_9EqMatcherIiEELb1EE4InitERS2_S5_
FN:445,450,_ZN7testing8internal11MatcherBaseIR7AccountE4InitIRKNS0_15AnythingMatcherEEEvOT_
FN:445,450,_ZN7testing8internal11MatcherBaseIRKSt5tupleIJEEE4InitIRKNS0_15AnythingMatcherEEEvOT_
FN:445,450,_ZN7testing8internal11MatcherBaseIRKSt5tupleIJR7AccountS4_iEEE4InitIRKNS0_15AnythingMatcherEEEvOT_
FN:445,450,_ZN7testing8internal11MatcherBaseIRKSt5tupleIJiEEE4InitIRKNS0_15AnythingMatcherEEEvOT_
FN:445,450,_ZN7testing8internal11MatcherBaseIiE4InitINS0_9EqMatcherIiEEEEvOT_
FN:445,450,_ZN7testing8internal11MatcherBaseIiE4InitIRKNS0_15AnythingMatcherEEEvOT_
FN:483,483,_ZN7testing7MatcherIR7AccountEC2IRKNS_8internal15AnythingMatcherEvEEOT_
FN:483,483,_ZN7testing7MatcherIRKSt5tupleIJEEEC2IRKNS_8internal15AnythingMatcherEvEEOT_
FN:483,483,_ZN7testing7MatcherIRKSt5tupleIJR7AccountS3_iEEEC2IRKNS_8internal15AnythingMatcherEvEEOT_
FN:483,483,_ZN7testing7MatcherIRKSt5tupleIJiEEEC2IRKNS_8internal15AnythingMatcherEvEEOT_
FN:483,483,_ZN7testing7MatcherIiEC2INS_8internal9EqMatcherIiEEvEEOT_
FN:483,483,_ZN7testing7MatcherIiEC2IRKNS_8internal15AnythingMatcherEvEEOT_
FN:694,694,_ZN7testing8internal14ComparisonBaseINS0_9EqMatcherIiEEiSt8equal_toIvEEC2ERKi
FN:699,701,_ZNK7testing8internal14ComparisonBaseINS0_9EqMatcherIiEEiSt8equal_toIvEE15MatchAndExplainIiEEbRKT_PSo
FN:702,705,_ZNK7testing8internal14ComparisonBaseINS0_9EqMatcherIiEEiSt8equal_toIvEE10DescribeToEPSo
FN:706,709,_ZNK7testing8internal14ComparisonBaseINS0_9EqMatcherIiEEiSt8equal_toIvEE18DescribeNegationToEPSo
FN:713,715,_ZN7testing8internal14ComparisonBaseINS0_9EqMatcherIiEEiSt8equal_toIvEE6UnwrapIiEERKT_SA_
FN:727,728,_ZN7testing8internal9EqMatcherIiEC2ERKi
FN:729,729,_ZN7testing8internal9EqMatcherIiE4DescEv
FN:730,730,_ZN7testing8internal9EqMatcherIiE11NegatedDescEv
FN:83,83,_ZN7testing19MatchResultListenerC2EPSo
FN:862,864,_ZN7testing2EqIiEENS_8internal9EqMatcherIT_EES3_
FN:869,871,_ZN7testing7MatcherIiEC2Ei
FN:95,95,_ZN7testing19MatchResultListener6streamEv
FNDA:0,_ZN7testing19MatchResultListenerD0Ev
FNDA:26,_ZN7testing19MatchResultListenerD2Ev
FNDA:0,_ZN7testing25MatcherDescriberInterfaceD0Ev
FNDA:88,_ZN7testing25MatcherDescriberInterfaceD2Ev
FNDA:0,_ZNK7testing25MatcherDescriberInterface18DescribeNegationToEPSo
FNDA:26,_ZN7testing8internal24DummyMatchResultListenerC2Ev
FNDA:0,_ZN7testing8internal17SharedPayloadBase3RefEv
FNDA:0,_ZN7testing8internal17SharedPayloadBase5UnrefEv
FNDA:4,_ZNK7testing8internal11MatcherBaseIR7AccountE15MatchAndExplainES3_PNS_19MatchResultListenerE
FNDA:10,_ZNK7testing8internal11MatcherBaseIRKSt5tupleIJEEE15MatchAndExplainES5_PNS_19MatchResultListenerE
FNDA:2,_ZNK7testing8internal11MatcherBaseIRKSt5tupleIJR7AccountS4_iEEE15MatchAndExplainES7_PNS_19MatchResultListenerE
FNDA:4,_ZNK7testing8internal11MatcherBaseIRKSt5tupleIJiEEE15MatchAndExplainES5_PNS_19MatchResultListenerE
FNDA:6,_ZNK7testing8internal11MatcherBaseIiE15MatchAndExplainERKiPNS_19MatchResultListenerE
FNDA:4,_ZNK7testing8internal11MatcherBaseIR7AccountE7MatchesES3_
FNDA:10,_ZNK7testing8internal11MatcherBaseIRKSt5tupleIJEEE7MatchesES5_
FNDA:2,_ZNK7testing8internal11MatcherBaseIRKSt5tupleIJR7AccountS4_iEEE7MatchesES7_
FNDA:4,_ZNK7testing8internal11MatcherBaseIRKSt5tupleIJiEEE7MatchesES5_
FNDA:6,_ZNK7testing8internal11MatcherBaseIiE7MatchesERKi
FNDA:0,_ZNK7testing8internal11MatcherBaseIR7AccountE10DescribeToEPSo
FNDA:0,_ZNK7testing8internal11MatcherBaseIRKSt5tupleIJEEE10DescribeToEPSo
FNDA:0,_ZNK7testing8internal11MatcherBaseIRKSt5tupleIJR7AccountS4_iEEE10DescribeToEPSo
FNDA:0,_ZNK7testing8internal11MatcherBaseIRKSt5tupleIJiEEE10DescribeToEPSo
FNDA:0,_ZNK7testing8internal11MatcherBaseIiE10DescribeToEPSo
FNDA:0,_ZNK7testing8internal11MatcherBaseIR7AccountE18DescribeNegationToEPSo
FNDA:0,_ZNK7testing8internal11MatcherBaseIRKSt5tupleIJEEE18DescribeNegationToEPSo
FNDA:0,_ZNK7testing8internal11MatcherBaseIRKSt5tupleIJR7AccountS4_iEEE18DescribeNegationToEPSo
FNDA:0,_ZNK7testing8internal11MatcherBaseIRKSt5tupleIJiEEE18DescribeNegationToEPSo
FNDA:0,_ZNK7testing8internal11MatcherBaseIiE18DescribeNegationToEPSo
FNDA:6,_ZN7testing8internal11MatcherBaseIiEC2Ev
FNDA:6,_ZN7testing8internal11MatcherBaseIR7AccountEC2IRKNS0_15AnythingMatcherEvEEOT_
FNDA:10,_ZN7testing8internal11MatcherBaseIRKSt5tupleIJEEEC2IRKNS0_15AnythingMatcherEvEEOT_
FNDA:3,_ZN7testing8internal11MatcherBaseIRKSt5tupleIJR7AccountS4_iEEEC2IRKNS0_15AnythingMatcherEvEEOT_
FNDA:4,_ZN7testing8internal11MatcherBaseIRKSt5tupleIJiEEEC2IRKNS0_15AnythingMatcherEvEEOT_
FNDA:6,_ZN7testing8internal11MatcherBaseIiEC2INS0_9EqMatcherIiEEvEEOT_
FNDA:1,_ZN7testing8internal11MatcherBaseIiEC2IRKNS0_15AnythingMatcherEvEEOT_
FNDA:18,_ZN7testing8internal11MatcherBaseIR7AccountEC2ERKS4_
FNDA:21,_ZN7testing8internal11MatcherBaseIiEC2ERKS2_
FNDA:6,_ZN7testing8internal11MatcherBaseIR7AccountEC2EOS4_
FNDA:7,_ZN7testing8internal11MatcherBaseIiEC2EOS2_
FNDA:6,_ZN7testing8internal11MatcherBaseIiEaSEOS2_
FNDA:0,_ZN7testing8internal11MatcherBaseIR7AccountED0Ev
[...]
FNDA:105,_ZSt12__get_helperILm1ESt14default_deleteINSt7__cxx1118basic_stringstreamIcSt11char_traitsIcESaIcEEEEJEERT0_RSt11_Tuple_implIXT_EJS8_DpT1_EE
FNDA:0,_ZSt12__get_helperILm2EiJEERT0_RSt11_Tuple_implIXT_EJS0_DpT1_EE
FNDA:2,_ZSt12__get_helperILm0EN7testing7MatcherIR7AccountEEJS4_NS1_IiEEEERKT0_RKSt11_Tuple_implIXT_EJS6_DpT1_EE
FNDA:4,_ZSt12__get_helperILm0EN7testing7MatcherIiEEJEERKT0_RKSt11_Tuple_implIXT_EJS3_DpT1_EE
FNDA:24,_ZSt12__get_helperILm0EPKiJSt14default_deleteIS0_EEERKT0_RKSt11_Tuple_implIXT_EJS4_DpT1_EE
FNDA:1,_ZSt12__get_helperILm0EPN7testing8internal11ThreadLocalIPNS0_8SequenceEE18ValueHolderFactoryEJSt14default_deleteIS6_EEERKT0_RKSt11_Tuple_implIXT_EJSA_DpT1_EE
FNDA:4,_ZSt12__get_helperILm0EPN7testing8internal19TestMetaFactoryBaseIiEEJSt14default_deleteIS3_EEERKT0_RKSt11_Tuple_implIXT_EJS7_DpT1_EE
FNDA:36,_ZSt12__get_helperILm0EPN7testing8internal22ParamIteratorInterfaceIiEEJSt14default_deleteIS3_EEERKT0_RKSt11_Tuple_implIXT_EJS7_DpT1_EE
FNDA:0,_ZSt12__get_helperILm0EPNSt7__cxx1112basic_stringIcSt11char_traitsIcESaIcEEEJSt14default_deleteIS5_EEERKT0_RKSt11_Tuple_implIXT_EJS9_DpT1_EE
FNDA:737,_ZSt12__get_helperILm0EPNSt7__cxx1118basic_stringstreamIcSt11char_traitsIcESaIcEEEJSt14default_deleteIS5_EEERKT0_RKSt11_Tuple_implIXT_EJS9_DpT1_EE
FNDA:2,_ZSt12__get_helperILm0ER7AccountJS1_iEERKT0_RKSt11_Tuple_implIXT_EJS2_DpT1_EE
FNDA:4,_ZSt12__get_helperILm0EiJEERKT0_RKSt11_Tuple_implIXT_EJS0_DpT1_EE
FNDA:2,_ZSt12__get_helperILm1EN7testing7MatcherIR7AccountEEJNS1_IiEEEERKT0_RKSt11_Tuple_implIXT_EJS6_DpT1_EE
FNDA:2,_ZSt12__get_helperILm1ER7AccountJiEERKT0_RKSt11_Tuple_implIXT_EJS2_DpT1_EE
FNDA:2,_ZSt12__get_helperILm2EN7testing7MatcherIiEEJEERKT0_RKSt11_Tuple_implIXT_EJS3_DpT1_EE
FNDA:2,_ZSt12__get_helperILm2EiJEERKT0_RKSt11_Tuple_implIXT_EJS0_DpT1_EE
FNDA:22,_ZSt3getILm0EJPKiSt14default_deleteIS0_EEERNSt13tuple_elementIXT_ESt5tupleIJDpT0_EEE4typeERS8_
FNDA:2,_ZSt3getILm0EJPN7testing8internal19TestMetaFactoryBaseIiEESt14default_deleteIS3_EEERNSt13tuple_elementIXT_ESt5tupleIJDpT0_EEE4typeERSB_
FNDA:12,_ZSt3getILm0EJPN7testing8internal22ParamIteratorInterfaceIiEESt14default_deleteIS3_EEERNSt13tuple_elementIXT_ESt5tupleIJDpT0_EEE4typeERSB_
FNDA:12,_ZSt3getILm0EJPNSt7__cxx1112basic_stringIcSt11char_traitsIcESaIcEEESt14default_deleteIS5_EEERNSt13tuple_elementIXT_ESt5tupleIJDpT0_EEE4typeERSD_
FNDA:210,_ZSt3getILm0EJPNSt7__cxx1118basic_stringstreamIcSt11char_traitsIcESaIcEEESt14default_deleteIS5_EEERNSt13tuple_elementIXT_ESt5tupleIJDpT0_EEE4typeERSD_
FNDA:4,_ZSt3getILm1EJPKiSt14default_deleteIS0_EEERNSt13tuple_elementIXT_ESt5tupleIJDpT0_EEE4typeERS8_
FNDA:1,_ZSt3getILm1EJPN7testing8internal19TestMetaFactoryBaseIiEESt14default_deleteIS3_EEERNSt13tuple_elementIXT_ESt5tupleIJDpT0_EEE4typeERSB_
FNDA:6,_ZSt3getILm1EJPN7testing8internal22ParamIteratorInterfaceIiEESt14default_deleteIS3_EEERNSt13tuple_elementIXT_ESt5tupleIJDpT0_EEE4typeERSB_
FNDA:0,_ZSt3getILm1EJPNSt7__cxx1112basic_stringIcSt11char_traitsIcESaIcEEESt14default_deleteIS5_EEERNSt13tuple_elementIXT_ESt5tupleIJDpT0_EEE4typeERSD_
FNDA:105,_ZSt3getILm1EJPNSt7__cxx1118basic_stringstreamIcSt11char_traitsIcESaIcEEESt14default_deleteIS5_EEERNSt13tuple_elementIXT_ESt5tupleIJDpT0_EEE4typeERSD_
FNDA:2,_ZSt3getILm0EJN7testing7MatcherIR7AccountEES4_NS1_IiEEEERKNSt13tuple_elementIXT_ESt5tupleIJDpT0_EEE4typeERKSA_
FNDA:4,_ZSt3getILm0EJN7testing7MatcherIiEEEERKNSt13tuple_elementIXT_ESt5tupleIJDpT0_EEE4typeERKS7_
FNDA:24,_ZSt3getILm0EJPKiSt14default_deleteIS0_EEERKNSt13tuple_elementIXT_ESt5tupleIJDpT0_EEE4typeERKS8_
FNDA:1,_ZSt3getILm0EJPN7testing8internal11ThreadLocalIPNS0_8SequenceEE18ValueHolderFactoryESt14default_deleteIS6_EEERKNSt13tuple_elementIXT_ESt5tupleIJDpT0_EEE4typeERKSE_
FNDA:4,_ZSt3getILm0EJPN7testing8internal19TestMetaFactoryBaseIiEESt14default_deleteIS3_EEERKNSt13tuple_elementIXT_ESt5tupleIJDpT0_EEE4typeERKSB_
FNDA:36,_ZSt3getILm0EJPN7testing8internal22ParamIteratorInterfaceIiEESt14default_deleteIS3_EEERKNSt13tuple_elementIXT_ESt5tupleIJDpT0_EEE4typeERKSB_
FNDA:0,_ZSt3getILm0EJPNSt7__cxx1112basic_stringIcSt11char_traitsIcESaIcEEESt14default_deleteIS5_EEERKNSt13tuple_elementIXT_ESt5tupleIJDpT0_EEE4typeERKSD_
FNDA:737,_ZSt3getILm0EJPNSt7__cxx1118basic_stringstreamIcSt11char_traitsIcESaIcEEESt14default_deleteIS5_EEERKNSt13tuple_elementIXT_ESt5tupleIJDpT0_EEE4typeERKSD_
FNDA:2,_ZSt3getILm0EJR7AccountS1_iEERKNSt13tuple_elementIXT_ESt5tupleIJDpT0_EEE4typeERKS6_
FNDA:4,_ZSt3getILm0EJiEERKNSt13tuple_elementIXT_ESt5tupleIJDpT0_EEE4typeERKS4_
FNDA:2,_ZSt3getILm1EJN7testing7MatcherIR7AccountEES4_NS1_IiEEEERKNSt13tuple_elementIXT_ESt5tupleIJDpT0_EEE4typeERKSA_
FNDA:2,_ZSt3getILm1EJR7AccountS1_iEERKNSt13tuple_elementIXT_ESt5tupleIJDpT0_EEE4typeERKS6_
FNDA:2,_ZSt3getILm2EJN7testing7MatcherIR7AccountEES4_NS1_IiEEEERKNSt13tuple_elementIXT_ESt5tupleIJDpT0_EEE4typeERKSA_
FNDA:2,_ZSt3getILm2EJR7AccountS1_iEERKNSt13tuple_elementIXT_ESt5tupleIJDpT0_EEE4typeERKS6_
FNDA:0,_ZSt3getILm0EJPKN7testing8internal11MatcherBaseIR7AccountEEPKNS1_15AnythingMatcherEEEONSt13tuple_elementIXT_ESt5tupleIJDpT0_EEE4typeEOSF_
FNDA:0,_ZSt3getILm0EJPKN7testing8internal11MatcherBaseIRKSt5tupleIJEEEEPKNS1_15AnythingMatcherEEEONSt13tuple_elementIXT_ES3_IJDpT0_EEE4typeEOSG_
FNDA:0,_ZSt3getILm0EJPKN7testing8internal11MatcherBaseIRKSt5tupleIJR7AccountS5_iEEEEPKNS1_15AnythingMatcherEEEONSt13tuple_elementIXT_ES3_IJDpT0_EEE4typeEOSI_
FNDA:0,_ZSt3getILm0EJPKN7testing8internal11MatcherBaseIRKSt5tupleIJiEEEEPKNS1_15AnythingMatcherEEEONSt13tuple_elementIXT_ES3_IJDpT0_EEE4typeEOSG_
FNDA:0,_ZSt3getILm0EJPKN7testing8internal11MatcherBaseIiEEPKNS1_15AnythingMatcherEEEONSt13tuple_elementIXT_ESt5tupleIJDpT0_EEE4typeEOSD_
FNDA:0,_ZSt3getILm0EJPKN7testing8internal11MatcherBaseIiEEPKNS1_9EqMatcherIiEEEEONSt13tuple_elementIXT_ESt5tupleIJDpT0_EEE4typeEOSE_
FNDA:0,_ZSt3getILm0EJR7AccountS1_iEEONSt13tuple_elementIXT_ESt5tupleIJDpT0_EEE4typeEOS6_
FNDA:0,_ZSt3getILm0EJiEEONSt13tuple_elementIXT_ESt5tupleIJDpT0_EEE4typeEOS4_
FNDA:0,_ZSt3getILm1EJR7AccountS1_iEEONSt13tuple_elementIXT_ESt5tupleIJDpT0_EEE4typeEOS6_
FNDA:0,_ZSt3getILm2EJR7AccountS1_iEEONSt13tuple_elementIXT_ESt5tupleIJDpT0_EEE4typeEOS6_
FNDA:6,_ZNSt10_Head_baseILm0EPKiLb0EEC2Ev
FNDA:1,_ZNSt10_Head_baseILm0EPN7testing8internal19TestMetaFactoryBaseIiEELb0EEC2Ev
FNDA:6,_ZNSt10_Head_baseILm0EPN7testing8internal22ParamIteratorInterfaceIiEELb0EEC2Ev
FNDA:12,_ZNSt10_Head_baseILm0EPNSt7__cxx1112basic_stringIcSt11char_traitsIcESaIcEEELb0EEC2Ev
FNDA:2,_ZNSt10_Head_baseILm0ER7AccountLb0EEC2ES1_
FNDA:2,_ZNSt10_Head_baseILm1ER7AccountLb0EEC2ES1_
FNDA:6,_ZNSt10_Head_baseILm0EN7testing7MatcherIR7AccountEELb0EEC2ERKS5_
FNDA:8,_ZNSt10_Head_baseILm0EN7testing7MatcherIiEELb0EEC2ERKS3_
FNDA:6,_ZNSt10_Head_baseILm1EN7testing7MatcherIR7AccountEELb0EEC2ERKS5_
FNDA:6,_ZNSt10_Head_baseILm2EN7testing7MatcherIiEELb0EEC2ERKS3_
FNDA:3,_ZNSt10_Head_baseILm0EN7testing7MatcherIR7AccountEELb0EEC2IS4_EEOT_
FNDA:4,_ZNSt10_Head_baseILm0EN7testing7MatcherIiEELb0EEC2IS2_EEOT_
FNDA:0,_ZNSt10_Head_baseILm0EN7testing8internal10ValueArrayIJiiiiEEELb0EEC2IS3_EEOT_
FNDA:0,_ZNSt10_Head_baseILm0EPKN7testing8internal11MatcherBaseIR7AccountEELb0EEC2IS7_EEOT_
FNDA:0,_ZNSt10_Head_baseILm0EPKN7testing8internal11MatcherBaseIRKSt5tupleIJEEEELb0EEC2IS9_EEOT_
FNDA:0,_ZNSt10_Head_baseILm0EPKN7testing8internal11MatcherBaseIRKSt5tupleIJR7AccountS5_iEEEELb0EEC2ISB_EEOT_
FNDA:0,_ZNSt10_Head_baseILm0EPKN7testing8internal11MatcherBaseIRKSt5tupleIJiEEEELb0EEC2IS9_EEOT_
FNDA:0,_ZNSt10_Head_baseILm0EPKN7testing8internal11MatcherBaseIiEELb0EEC2IS5_EEOT_
FNDA:4,_ZNSt10_Head_baseILm0EiLb0EEC2IiEEOT_
FNDA:3,_ZNSt10_Head_baseILm1EN7testing7MatcherIR7AccountEELb0EEC2IS4_EEOT_
FNDA:0,_ZNSt10_Head_baseILm1EPKN7testing8internal15AnythingMatcherELb0EEC2IS4_EEOT_
FNDA:0,_ZNSt10_Head_baseILm1EPKN7testing8internal9EqMatcherIiEELb0EEC2IS5_EEOT_
FNDA:3,_ZNSt10_Head_baseILm2EN7testing7MatcherIiEELb0EEC2IS2_EEOT_
FNDA:2,_ZNSt10_Head_baseILm2EiLb0EEC2IiEEOT_
FNDA:10,_ZSt10make_tupleIJEESt5tupleIJDpNSt25__strip_reference_wrapperINSt5decayIT_E4typeEE6__typeEEEDpOS3_
FNDA:3,_ZSt10make_tupleIJN7testing7MatcherIR7AccountEES4_NS1_IiEEEESt5tupleIJDpNSt25__strip_reference_wrapperINSt5decayIT_E4typeEE6__typeEEEDpOS9_
FNDA:4,_ZSt10make_tupleIJN7testing7MatcherIiEEEESt5tupleIJDpNSt25__strip_reference_wrapperINSt5decayIT_E4typeEE6__typeEEEDpOS6_
FNDA:0,_ZSt10make_tupleIJN7testing8internal10ValueArrayIJiiiiEEEEESt5tupleIJDpNSt25__strip_reference_wrapperINSt5decayIT_E4typeEE6__typeEEEDpOS7_
FNDA:0,_ZSt10make_tupleIJPKN7testing8internal11MatcherBaseIR7AccountEEPKNS1_15AnythingMatcherEEESt5tupleIJDpNSt25__strip_reference_wrapperINSt5decayIT_E4typeEE6__typeEEEDpOSE_
FNDA:0,_ZSt10make_tupleIJPKN7testing8internal11MatcherBaseIRKSt5tupleIJEEEEPKNS1_15AnythingMatcherEEES3_IJDpNSt25__strip_reference_wrapperINSt5decayIT_E4typeEE6__typeEEEDpOSF_
FNDA:0,_ZSt10make_tupleIJPKN7testing8internal11MatcherBaseIRKSt5tupleIJR7AccountS5_iEEEEPKNS1_15AnythingMatcherEEES3_IJDpNSt25__strip_reference_wrapperINSt5decayIT_E4typeEE6__typeEEEDpOSH_
FNDA:0,_ZSt10make_tupleIJPKN7testing8internal11MatcherBaseIRKSt5tupleIJiEEEEPKNS1_15AnythingMatcherEEES3_IJDpNSt25__strip_reference_wrapperINSt5decayIT_E4typeEE6__typeEEEDpOSF_
FNDA:0,_ZSt10make_tupleIJPKN7testing8internal11MatcherBaseIiEEPKNS1_15AnythingMatcherEEESt5tupleIJDpNSt25__strip_reference_wrapperINSt5decayIT_E4typeEE6__typeEEEDpOSC_
FNDA:0,_ZSt10make_tupleIJPKN7testing8internal11MatcherBaseIiEEPKNS1_9EqMatcherIiEEEESt5tupleIJDpNSt25__strip_reference_wrapperINSt5decayIT_E4typeEE6__typeEEEDpOSD_
FNDA:0,_ZNSt10_Head_baseILm0EPKN7testing8internal11MatcherBaseIR7AccountEELb0EE7_M_headERS8_
FNDA:0,_ZNSt10_Head_baseILm0EPKN7testing8internal11MatcherBaseIRKSt5tupleIJEEEELb0EE7_M_headERSA_
FNDA:0,_ZNSt10_Head_baseILm0EPKN7testing8internal11MatcherBaseIRKSt5tupleIJR7AccountS5_iEEEELb0EE7_M_headERSC_
FNDA:0,_ZNSt10_Head_baseILm0EPKN7testing8internal11MatcherBaseIRKSt5tupleIJiEEEELb0EE7_M_headERSA_
FNDA:0,_ZNSt10_Head_baseILm0EPKN7testing8internal11MatcherBaseIiEELb0EE7_M_headERS6_
FNDA:22,_ZNSt10_Head_baseILm0EPKiLb0EE7_M_headERS2_
FNDA:2,_ZNSt10_Head_baseILm0EPN7testing8internal19TestMetaFactoryBaseIiEELb0EE7_M_headERS5_
FNDA:12,_ZNSt10_Head_baseILm0EPN7testing8internal22ParamIteratorInterfaceIiEELb0EE7_M_headERS5_
FNDA:12,_ZNSt10_Head_baseILm0EPNSt7__cxx1112basic_stringIcSt11char_traitsIcESaIcEEELb0EE7_M_headERS7_
FNDA:210,_ZNSt10_Head_baseILm0EPNSt7__cxx1118basic_stringstreamIcSt11char_traitsIcESaIcEEELb0EE7_M_headERS7_
FNDA:0,_ZNSt10_Head_baseILm0ER7AccountLb0EE7_M_headERS2_
FNDA:0,_ZNSt10_Head_baseILm0EiLb0EE7_M_headERS0_
FNDA:0,_ZNSt10_Head_baseILm1ER7AccountLb0EE7_M_headERS2_
FNDA:0,_ZNSt10_Head_baseILm2EiLb0EE7_M_headERS0_
FNDA:2,_ZNSt10_Head_baseILm0EN7testing7MatcherIR7AccountEELb0EE7_M_headERKS5_
FNDA:4,_ZNSt10_Head_baseILm0EN7testing7MatcherIiEELb0EE7_M_headERKS3_
FNDA:24,_ZNSt10_Head_baseILm0EPKiLb0EE7_M_headERKS2_
FNDA:1,_ZNSt10_Head_baseILm0EPN7testing8internal11ThreadLocalIPNS0_8SequenceEE18ValueHolderFactoryELb0EE7_M_headERKS8_
FNDA:4,_ZNSt10_Head_baseILm0EPN7testing8internal19TestMetaFactoryBaseIiEELb0EE7_M_headERKS5_
FNDA:36,_ZNSt10_Head_baseILm0EPN7testing8internal22ParamIteratorInterfaceIiEELb0EE7_M_headERKS5_
FNDA:0,_ZNSt10_Head_baseILm0EPNSt7__cxx1112basic_stringIcSt11char_traitsIcESaIcEEELb0EE7_M_headERKS7_
FNDA:737,_ZNSt10_Head_baseILm0EPNSt7__cxx1118basic_stringstreamIcSt11char_traitsIcESaIcEEELb0EE7_M_headERKS7_
FNDA:2,_ZNSt10_Head_baseILm0ER7AccountLb0EE7_M_headERKS2_
FNDA:4,_ZNSt10_Head_baseILm0EiLb0EE7_M_headERKS0_
FNDA:2,_ZNSt10_Head_baseILm1EN7testing7MatcherIR7AccountEELb0EE7_M_headERKS5_
FNDA:2,_ZNSt10_Head_baseILm1ER7AccountLb0EE7_M_headERKS2_
FNDA:2,_ZNSt10_Head_baseILm2EN7testing7MatcherIiEELb0EE7_M_headERKS3_
FNDA:2,_ZNSt10_Head_baseILm2EiLb0EE7_M_headERKS0_
FNDA:0,_ZNSt11_Tuple_implILm0EJPKN7testing8internal11MatcherBaseIR7AccountEEPKNS1_15AnythingMatcherEEE7_M_headERSB_
FNDA:0,_ZNSt11_Tuple_implILm0EJPKN7testing8internal11MatcherBaseIRKSt5tupleIJEEEEPKNS1_15AnythingMatcherEEE7_M_headERSD_
FNDA:0,_ZNSt11_Tuple_implILm0EJPKN7testing8internal11MatcherBaseIRKSt5tupleIJR7AccountS5_iEEEEPKNS1_15AnythingMatcherEEE7_M_headERSF_
FNDA:0,_ZNSt11_Tuple_implILm0EJPKN7testing8internal11MatcherBaseIRKSt5tupleIJiEEEEPKNS1_15AnythingMatcherEEE7_M_headERSD_
FNDA:0,_ZNSt11_Tuple_implILm0EJPKN7testing8internal11MatcherBaseIiEEPKNS1_15AnythingMatcherEEE7_M_headERS9_
FNDA:0,_ZNSt11_Tuple_implILm0EJPKN7testing8internal11MatcherBaseIiEEPKNS1_9EqMatcherIiEEEE7_M_headERSA_
FNDA:22,_ZNSt11_Tuple_implILm0EJPKiSt14default_deleteIS0_EEE7_M_headERS4_
FNDA:2,_ZNSt11_Tuple_implILm0EJPN7testing8internal19TestMetaFactoryBaseIiEESt14default_deleteIS3_EEE7_M_headERS7_
FNDA:12,_ZNSt11_Tuple_implILm0EJPN7testing8internal22ParamIteratorInterfaceIiEESt14default_deleteIS3_EEE7_M_headERS7_
FNDA:12,_ZNSt11_Tuple_implILm0EJPNSt7__cxx1112basic_stringIcSt11char_traitsIcESaIcEEESt14default_deleteIS5_EEE7_M_headERS9_
FNDA:210,_ZNSt11_Tuple_implILm0EJPNSt7__cxx1118basic_stringstreamIcSt11char_traitsIcESaIcEEESt14default_deleteIS5_EEE7_M_headERS9_
FNDA:0,_ZNSt11_Tuple_implILm0EJR7AccountS1_iEE7_M_headERS2_
FNDA:0,_ZNSt11_Tuple_implILm1EJR7AccountiEE7_M_headERS2_
FNDA:2,_ZNSt11_Tuple_implILm0EJN7testing7MatcherIR7AccountEES4_NS1_IiEEEE7_M_headERKS6_
FNDA:24,_ZNSt11_Tuple_implILm0EJPKiSt14default_deleteIS0_EEE7_M_headERKS4_
FNDA:1,_ZNSt11_Tuple_implILm0EJPN7testing8internal11ThreadLocalIPNS0_8SequenceEE18ValueHolderFactoryESt14default_deleteIS6_EEE7_M_headERKSA_
FNDA:4,_ZNSt11_Tuple_implILm0EJPN7testing8internal19TestMetaFactoryBaseIiEESt14default_deleteIS3_EEE7_M_headERKS7_
FNDA:36,_ZNSt11_Tuple_implILm0EJPN7testing8internal22ParamIteratorInterfaceIiEESt14default_deleteIS3_EEE7_M_headERKS7_
FNDA:0,_ZNSt11_Tuple_implILm0EJPNSt7__cxx1112basic_stringIcSt11char_traitsIcESaIcEEESt14default_deleteIS5_EEE7_M_headERKS9_
FNDA:737,_ZNSt11_Tuple_implILm0EJPNSt7__cxx1118basic_stringstreamIcSt11char_traitsIcESaIcEEESt14default_deleteIS5_EEE7_M_headERKS9_
FNDA:2,_ZNSt11_Tuple_implILm0EJR7AccountS1_iEE7_M_headERKS2_
FNDA:2,_ZNSt11_Tuple_implILm1EJN7testing7MatcherIR7AccountEENS1_IiEEEE7_M_headERKS6_
FNDA:2,_ZNSt11_Tuple_implILm1EJR7AccountiEE7_M_headERKS2_
FNDA:6,_ZNSt11_Tuple_implILm0EJPKiSt14default_deleteIS0_EEEC2Ev
FNDA:1,_ZNSt11_Tuple_implILm0EJPN7testing8internal19TestMetaFactoryBaseIiEESt14default_deleteIS3_EEEC2Ev
FNDA:6,_ZNSt11_Tuple_implILm0EJPN7testing8internal22ParamIteratorInterfaceIiEESt14default_deleteIS3_EEEC2Ev
FNDA:12,_ZNSt11_Tuple_implILm0EJPNSt7__cxx1112basic_stringIcSt11char_traitsIcESaIcEEESt14default_deleteIS5_EEEC2Ev
FNDA:3,_ZNSt11_Tuple_implILm0EJN7testing7MatcherIR7AccountEES4_NS1_IiEEEEC2IS4_JS4_S5_EvEEOT_DpOT0_
FNDA:0,_ZNSt11_Tuple_implILm0EJPKN7testing8internal11MatcherBaseIR7AccountEEPKNS1_15AnythingMatcherEEEC2IS7_JSA_EvEEOT_DpOT0_
FNDA:0,_ZNSt11_Tuple_implILm0EJPKN7testing8internal11MatcherBaseIRKSt5tupleIJEEEEPKNS1_15AnythingMatcherEEEC2IS9_JSC_EvEEOT_DpOT0_
FNDA:0,_ZNSt11_Tuple_implILm0EJPKN7testing8internal11MatcherBaseIRKSt5tupleIJR7AccountS5_iEEEEPKNS1_15AnythingMatcherEEEC2ISB_JSE_EvEEOT_DpOT0_
FNDA:0,_ZNSt11_Tuple_implILm0EJPKN7testing8internal11MatcherBaseIRKSt5tupleIJiEEEEPKNS1_15AnythingMatcherEEEC2IS9_JSC_EvEEOT_DpOT0_
FNDA:0,_ZNSt11_Tuple_implILm0EJPKN7testing8internal11MatcherBaseIiEEPKNS1_15AnythingMatcherEEEC2IS5_JS8_EvEEOT_DpOT0_
FNDA:0,_ZNSt11_Tuple_implILm0EJPKN7testing8internal11MatcherBaseIiEEPKNS1_9EqMatcherIiEEEEC2IS5_JS9_EvEEOT_DpOT0_
FNDA:2,_ZNSt11_Tuple_implILm0EJR7AccountS1_iEEC2IS1_JS1_iEvEEOT_DpOT0_
FNDA:3,_ZNSt11_Tuple_implILm1EJN7testing7MatcherIR7AccountEENS1_IiEEEEC2IS4_JS5_EvEEOT_DpOT0_
FNDA:2,_ZNSt11_Tuple_implILm1EJR7AccountiEEC2IS1_JiEvEEOT_DpOT0_
FNDA:6,_ZNSt11_Tuple_implILm0EJN7testing7MatcherIR7AccountEES4_NS1_IiEEEEC2ERKS6_
FNDA:6,_ZNSt11_Tuple_implILm1EJN7testing7MatcherIR7AccountEENS1_IiEEEEC2ERKS6_
FNDA:0,_ZNSt11_Tuple_implILm0EJR7AccountS1_iEEC2EOS2_
FNDA:0,_ZNSt11_Tuple_implILm1EJR7AccountiEEC2EOS2_
FNDA:0,_ZNSt11_Tuple_implILm0EJiEE7_M_headERS0_
FNDA:4,_ZNSt11_Tuple_implILm1EJSt14default_deleteIKiEEE7_M_headERS3_
FNDA:1,_ZNSt11_Tuple_implILm1EJSt14default_deleteIN7testing8internal19TestMetaFactoryBaseIiEEEEE7_M_headERS6_
FNDA:6,_ZNSt11_Tuple_implILm1EJSt14default_deleteIN7testing8internal22ParamIteratorInterfaceIiEEEEE7_M_headERS6_
FNDA:0,_ZNSt11_Tuple_implILm1EJSt14default_deleteINSt7__cxx1112basic_stringIcSt11char_traitsIcESaIcEEEEEE7_M_headERS8_
FNDA:105,_ZNSt11_Tuple_implILm1EJSt14default_deleteINSt7__cxx1118basic_stringstreamIcSt11char_traitsIcESaIcEEEEEE7_M_headERS8_
FNDA:0,_ZNSt11_Tuple_implILm2EJiEE7_M_headERS0_
FNDA:4,_ZNSt11_Tuple_implILm0EJN7testing7MatcherIiEEEE7_M_headERKS3_
FNDA:4,_ZNSt11_Tuple_implILm0EJiEE7_M_headERKS0_
FNDA:2,_ZNSt11_Tuple_implILm2EJN7testing7MatcherIiEEEE7_M_headERKS3_
FNDA:2,_ZNSt11_Tuple_implILm2EJiEE7_M_headERKS0_
FNDA:6,_ZNSt11_Tuple_implILm1EJSt14default_deleteIKiEEEC2Ev
FNDA:1,_ZNSt11_Tuple_implILm1EJSt14default_deleteIN7testing8internal19TestMetaFactoryBaseIiEEEEEC2Ev
FNDA:6,_ZNSt11_Tuple_implILm1EJSt14default_deleteIN7testing8internal22ParamIteratorInterfaceIiEEEEEC2Ev
FNDA:12,_ZNSt11_Tuple_implILm1EJSt14default_deleteINSt7__cxx1112basic_stringIcSt11char_traitsIcESaIcEEEEEEC2Ev
FNDA:4,_ZNSt11_Tuple_implILm0EJN7testing7MatcherIiEEEEC2IS2_EEOT_
FNDA:0,_ZNSt11_Tuple_implILm0EJN7testing8internal10ValueArrayIJiiiiEEEEEC2IS3_EEOT_
FNDA:4,_ZNSt11_Tuple_implILm0EJiEEC2IiEEOT_
FNDA:0,_ZNSt11_Tuple_implILm1EJPKN7testing8internal15AnythingMatcherEEEC2IS4_EEOT_
FNDA:0,_ZNSt11_Tuple_implILm1EJPKN7testing8internal9EqMatcherIiEEEEC2IS5_EEOT_
FNDA:3,_ZNSt11_Tuple_implILm2EJN7testing7MatcherIiEEEEC2IS2_EEOT_
FNDA:2,_ZNSt11_Tuple_implILm2EJiEEC2IiEEOT_
FNDA:8,_ZNSt11_Tuple_implILm0EJN7testing7MatcherIiEEEEC2ERKS3_
FNDA:6,_ZNSt11_Tuple_implILm2EJN7testing7MatcherIiEEEEC2ERKS3_
FNDA:0,_ZNSt11_Tuple_implILm0EJiEEC2EOS0_
FNDA:0,_ZNSt11_Tuple_implILm2EJiEEC2EOS0_
FNDA:6,_ZNSt10_Head_baseILm1ESt14default_deleteIKiELb1EEC2Ev
FNDA:1,_ZNSt10_Head_baseILm1ESt14default_deleteIN7testing8internal19TestMetaFactoryBaseIiEEELb1EEC2Ev
FNDA:6,_ZNSt10_Head_baseILm1ESt14default_deleteIN7testing8internal22ParamIteratorInterfaceIiEEELb1EEC2Ev
FNDA:12,_ZNSt10_Head_baseILm1ESt14default_deleteINSt7__cxx1112basic_stringIcSt11char_traitsIcESaIcEEEELb1EEC2Ev
FNDA:3,_ZNSt5tupleIJN7testing7MatcherIR7AccountEES4_NS1_IiEEEEC2IJS4_S4_S5_ELb1ELb1EEEDpOT_
FNDA:4,_ZNSt5tupleIJN7testing7MatcherIiEEEEC2IJS2_ELb1ELb1EEEDpOT_
FNDA:0,_ZNSt5tupleIJN7testing8internal10ValueArrayIJiiiiEEEEEC2IJS3_ELb1ELb1EEEDpOT_
FNDA:2,_ZNSt5tupleIJR7AccountS1_iEEC2IJS1_S1_iELb1ELb1EEEDpOT_
FNDA:4,_ZNSt5tupleIJiEEC2IJiELb1ELb1EEEDpOT_
FNDA:6,_ZNSt5tupleIJN7testing7MatcherIR7AccountEES4_NS1_IiEEEEC2ERKS6_
FNDA:8,_ZNSt5tupleIJN7testing7MatcherIiEEEEC2ERKS3_
FNDA:0,_ZNSt5tupleIJR7AccountS1_iEEC2EOS2_
FNDA:0,_ZNSt5tupleIJiEEC2EOS0_
FNF:225
FNH:141
DA:81,25
DA:82,25
DA:125,116
DA:190,25
DA:191,25
DA:193,4
DA:194,4
DA:196,26
DA:200,19
DA:201,19
DA:234,258
DA:237,822
DA:269,258
DA:272,810
DA:280,25
DA:281,25
DA:291,10
DA:293,10
DA:294,10
DA:296,12
DA:302,0
DA:497,116
DA:500,12
DA:503,25
DA:504,25
DA:513,13
DA:514,13
DA:515,13
DA:517,14
DA:527,0
DA:529,0
DA:530,0
DA:889,13
DA:891,13
DA:901,14
DA:903,0
DA:1317,25
DA:1319,25
DA:1345,0
DA:1347,0
DA:1787,374
DA:1788,374
DA:1792,822
DA:1793,822
DA:1803,374
DA:1804,374
DA:1809,822
DA:1810,822
DA:1815,0
DA:1818,0
DA:2001,17
DA:2005,17
LF:52
LH:43
end_of_record
TN:
SF:/usr/include/c++/13/type_traits
FN:67,67,_ZNKSt17integral_constantIbLb1EEcvbEv
FNDA:17,_ZNKSt17integral_constantIbLb1EEcvbEv
FNF:1
FNH:1
DA:67,17
LF:1
LH:1
end_of_record
TN:
SF:/usr/include/c++/13/typeinfo
FN:103,104,_ZNKSt9type_info4nameEv
FN:193,210,_ZNKSt9type_infoeqERKS_
FNDA:0,_ZNKSt9type_info4nameEv
FNDA:0,_ZNKSt9type_infoeqERKS_
FNF:2
FNH:0
DA:103,0
DA:104,0
DA:193,0
DA:195,0
DA:196,0
DA:198,0
DA:199,0
DA:206,0
LF:8
LH:0
end_of_record
TN:
SF:/usr/include/x86_64-linux-gnu/c++/13/bits/c++config.h
FN:540,551,_ZSt23__is_constant_evaluatedv
FNDA:1011,_ZSt23__is_constant_evaluatedv
FNF:1
FNH:1
DA:540,1011
DA:547,1011
LF:2
LH:2
end_of_record
